Analysis & Synthesis report for part4
Thu Nov 06 19:18:56 2014
Quartus II 64-Bit Version 11.1 Build 259 01/25/2012 Service Pack 2 SJ Full Version


---------------------
; Table of Contents ;
---------------------
  1. Legal Notice
  2. Analysis & Synthesis Summary
  3. Analysis & Synthesis Settings
  4. Parallel Compilation
  5. Analysis & Synthesis Source Files Read
  6. Analysis & Synthesis Resource Usage Summary
  7. Analysis & Synthesis Resource Utilization by Entity
  8. State Machine - |part4|LCD_Display:u1|next_command
  9. State Machine - |part4|LCD_Display:u1|state
 10. Registers Removed During Synthesis
 11. General Register Statistics
 12. Parameter Settings for User Entity Instance: LCD_Display:u1
 13. Port Connectivity Checks: "LCD_Display:u1"
 14. Port Connectivity Checks: "keyboard:kbd"
 15. Elapsed Time Per Partition
 16. Analysis & Synthesis Messages
 17. Analysis & Synthesis Suppressed Messages



----------------
; Legal Notice ;
----------------
Copyright (C) 1991-2011 Altera Corporation
Your use of Altera Corporation's design tools, logic functions 
and other software and tools, and its AMPP partner logic 
functions, and any output files from any of the foregoing 
(including device programming or simulation files), and any 
associated documentation or information are expressly subject 
to the terms and conditions of the Altera Program License 
Subscription Agreement, Altera MegaCore Function License 
Agreement, or other applicable license agreement, including, 
without limitation, that your use is for the sole purpose of 
programming logic devices manufactured by Altera and sold by 
Altera or its authorized distributors.  Please refer to the 
applicable agreement for further details.



+-------------------------------------------------------------------------------------+
; Analysis & Synthesis Summary                                                        ;
+------------------------------------+------------------------------------------------+
; Analysis & Synthesis Status        ; Successful - Thu Nov 06 19:18:56 2014          ;
; Quartus II 64-Bit Version          ; 11.1 Build 259 01/25/2012 SP 2 SJ Full Version ;
; Revision Name                      ; part4                                          ;
; Top-level Entity Name              ; part4                                          ;
; Family                             ; Cyclone II                                     ;
; Total logic elements               ; 243                                            ;
;     Total combinational functions  ; 182                                            ;
;     Dedicated logic registers      ; 148                                            ;
; Total registers                    ; 148                                            ;
; Total pins                         ; 193                                            ;
; Total virtual pins                 ; 0                                              ;
; Total memory bits                  ; 0                                              ;
; Embedded Multiplier 9-bit elements ; 0                                              ;
; Total PLLs                         ; 0                                              ;
+------------------------------------+------------------------------------------------+


+----------------------------------------------------------------------------------------------------------------------+
; Analysis & Synthesis Settings                                                                                        ;
+----------------------------------------------------------------------------+--------------------+--------------------+
; Option                                                                     ; Setting            ; Default Value      ;
+----------------------------------------------------------------------------+--------------------+--------------------+
; Device                                                                     ; EP2C35F672C6       ;                    ;
; Top-level entity name                                                      ; part4              ; part4              ;
; Family name                                                                ; Cyclone II         ; Cyclone IV GX      ;
; Use smart compilation                                                      ; Off                ; Off                ;
; Enable parallel Assembler and TimeQuest Timing Analyzer during compilation ; On                 ; On                 ;
; Enable compact report table                                                ; Off                ; Off                ;
; Restructure Multiplexers                                                   ; Auto               ; Auto               ;
; Create Debugging Nodes for IP Cores                                        ; Off                ; Off                ;
; Preserve fewer node names                                                  ; On                 ; On                 ;
; Disable OpenCore Plus hardware evaluation                                  ; Off                ; Off                ;
; Verilog Version                                                            ; Verilog_2001       ; Verilog_2001       ;
; VHDL Version                                                               ; VHDL_1993          ; VHDL_1993          ;
; State Machine Processing                                                   ; Auto               ; Auto               ;
; Safe State Machine                                                         ; Off                ; Off                ;
; Extract Verilog State Machines                                             ; On                 ; On                 ;
; Extract VHDL State Machines                                                ; On                 ; On                 ;
; Ignore Verilog initial constructs                                          ; Off                ; Off                ;
; Iteration limit for constant Verilog loops                                 ; 5000               ; 5000               ;
; Iteration limit for non-constant Verilog loops                             ; 250                ; 250                ;
; Add Pass-Through Logic to Inferred RAMs                                    ; On                 ; On                 ;
; Infer RAMs from Raw Logic                                                  ; On                 ; On                 ;
; Parallel Synthesis                                                         ; On                 ; On                 ;
; DSP Block Balancing                                                        ; Auto               ; Auto               ;
; NOT Gate Push-Back                                                         ; On                 ; On                 ;
; Power-Up Don't Care                                                        ; On                 ; On                 ;
; Remove Redundant Logic Cells                                               ; Off                ; Off                ;
; Remove Duplicate Registers                                                 ; On                 ; On                 ;
; Ignore CARRY Buffers                                                       ; Off                ; Off                ;
; Ignore CASCADE Buffers                                                     ; Off                ; Off                ;
; Ignore GLOBAL Buffers                                                      ; Off                ; Off                ;
; Ignore ROW GLOBAL Buffers                                                  ; Off                ; Off                ;
; Ignore LCELL Buffers                                                       ; Off                ; Off                ;
; Ignore SOFT Buffers                                                        ; On                 ; On                 ;
; Limit AHDL Integers to 32 Bits                                             ; Off                ; Off                ;
; Optimization Technique                                                     ; Balanced           ; Balanced           ;
; Carry Chain Length                                                         ; 70                 ; 70                 ;
; Auto Carry Chains                                                          ; On                 ; On                 ;
; Auto Open-Drain Pins                                                       ; On                 ; On                 ;
; Perform WYSIWYG Primitive Resynthesis                                      ; Off                ; Off                ;
; Auto ROM Replacement                                                       ; On                 ; On                 ;
; Auto RAM Replacement                                                       ; On                 ; On                 ;
; Auto Shift Register Replacement                                            ; Auto               ; Auto               ;
; Allow Shift Register Merging across Hierarchies                            ; Auto               ; Auto               ;
; Auto Clock Enable Replacement                                              ; On                 ; On                 ;
; Strict RAM Replacement                                                     ; Off                ; Off                ;
; Allow Synchronous Control Signals                                          ; On                 ; On                 ;
; Force Use of Synchronous Clear Signals                                     ; Off                ; Off                ;
; Auto RAM to Logic Cell Conversion                                          ; Off                ; Off                ;
; Auto Resource Sharing                                                      ; Off                ; Off                ;
; Allow Any RAM Size For Recognition                                         ; Off                ; Off                ;
; Allow Any ROM Size For Recognition                                         ; Off                ; Off                ;
; Allow Any Shift Register Size For Recognition                              ; Off                ; Off                ;
; Use LogicLock Constraints during Resource Balancing                        ; On                 ; On                 ;
; Ignore translate_off and synthesis_off directives                          ; Off                ; Off                ;
; Timing-Driven Synthesis                                                    ; Off                ; Off                ;
; Report Parameter Settings                                                  ; On                 ; On                 ;
; Report Source Assignments                                                  ; On                 ; On                 ;
; Report Connectivity Checks                                                 ; On                 ; On                 ;
; Ignore Maximum Fan-Out Assignments                                         ; Off                ; Off                ;
; Synchronization Register Chain Length                                      ; 2                  ; 2                  ;
; PowerPlay Power Optimization                                               ; Normal compilation ; Normal compilation ;
; HDL message level                                                          ; Level2             ; Level2             ;
; Suppress Register Optimization Related Messages                            ; Off                ; Off                ;
; Number of Removed Registers Reported in Synthesis Report                   ; 5000               ; 5000               ;
; Number of Inverted Registers Reported in Synthesis Report                  ; 100                ; 100                ;
; Clock MUX Protection                                                       ; On                 ; On                 ;
; Auto Gated Clock Conversion                                                ; Off                ; Off                ;
; Block Design Naming                                                        ; Auto               ; Auto               ;
; SDC constraint protection                                                  ; Off                ; Off                ;
; Synthesis Effort                                                           ; Auto               ; Auto               ;
; Shift Register Replacement - Allow Asynchronous Clear Signal               ; On                 ; On                 ;
; Analysis & Synthesis Message Level                                         ; Medium             ; Medium             ;
; Disable Register Merging Across Hierarchies                                ; Auto               ; Auto               ;
; Resource Aware Inference For Block RAM                                     ; On                 ; On                 ;
; Synthesis Seed                                                             ; 1                  ; 1                  ;
+----------------------------------------------------------------------------+--------------------+--------------------+


+------------------------------------------+
; Parallel Compilation                     ;
+----------------------------+-------------+
; Processors                 ; Number      ;
+----------------------------+-------------+
; Number detected on machine ; 4           ;
; Maximum allowed            ; 4           ;
;                            ;             ;
; Average used               ; 1.00        ;
; Maximum used               ; 1           ;
;                            ;             ;
; Usage by Processor         ; % Time Used ;
;     1 processor            ; 100.0%      ;
;     2-4 processors         ;   0.0%      ;
+----------------------------+-------------+


+-------------------------------------------------------------------------------------------------------------+
; Analysis & Synthesis Source Files Read                                                                      ;
+----------------------------------+-----------------+------------------------+-------------------------------+
; File Name with User-Entered Path ; Used in Netlist ; File Type              ; File Name with Absolute Path  ;
+----------------------------------+-----------------+------------------------+-------------------------------+
; part4.v                          ; yes             ; User Verilog HDL File  ; E:/CSC258 Lab 6/part4/part4.v ;
+----------------------------------+-----------------+------------------------+-------------------------------+


+---------------------------------------------------------------------+
; Analysis & Synthesis Resource Usage Summary                         ;
+---------------------------------------------+-----------------------+
; Resource                                    ; Usage                 ;
+---------------------------------------------+-----------------------+
; Estimated Total logic elements              ; 243                   ;
;                                             ;                       ;
; Total combinational functions               ; 182                   ;
; Logic element usage by number of LUT inputs ;                       ;
;     -- 4 input functions                    ; 105                   ;
;     -- 3 input functions                    ; 9                     ;
;     -- <=2 input functions                  ; 68                    ;
;                                             ;                       ;
; Logic elements by mode                      ;                       ;
;     -- normal mode                          ; 141                   ;
;     -- arithmetic mode                      ; 41                    ;
;                                             ;                       ;
; Total registers                             ; 148                   ;
;     -- Dedicated logic registers            ; 148                   ;
;     -- I/O registers                        ; 0                     ;
;                                             ;                       ;
; I/O pins                                    ; 193                   ;
; Maximum fan-out node                        ; Reset_Delay:r0|oRESET ;
; Maximum fan-out                             ; 59                    ;
; Total fan-out                               ; 1085                  ;
; Average fan-out                             ; 2.07                  ;
+---------------------------------------------+-----------------------+


+--------------------------------------------------------------------------------------------------------------------------------------------------------------------------------------------------------+
; Analysis & Synthesis Resource Utilization by Entity                                                                                                                                                    ;
+-------------------------------+-------------------+--------------+-------------+--------------+---------+-----------+------+--------------+---------------------------------------------+--------------+
; Compilation Hierarchy Node    ; LC Combinationals ; LC Registers ; Memory Bits ; DSP Elements ; DSP 9x9 ; DSP 18x18 ; Pins ; Virtual Pins ; Full Hierarchy Name                         ; Library Name ;
+-------------------------------+-------------------+--------------+-------------+--------------+---------+-----------+------+--------------+---------------------------------------------+--------------+
; |part4                        ; 182 (0)           ; 148 (32)     ; 0           ; 0            ; 0       ; 0         ; 193  ; 0            ; |part4                                      ;              ;
;    |LCD_Display:u1|           ; 83 (79)           ; 59 (59)      ; 0           ; 0            ; 0       ; 0         ; 0    ; 0            ; |part4|LCD_Display:u1                       ;              ;
;       |LCD_display_string:u1| ; 4 (4)             ; 0 (0)        ; 0           ; 0            ; 0       ; 0         ; 0    ; 0            ; |part4|LCD_Display:u1|LCD_display_string:u1 ;              ;
;    |Reset_Delay:r0|           ; 28 (28)           ; 21 (21)      ; 0           ; 0            ; 0       ; 0         ; 0    ; 0            ; |part4|Reset_Delay:r0                       ;              ;
;    |hex_7seg:dsp0|            ; 7 (7)             ; 0 (0)        ; 0           ; 0            ; 0       ; 0         ; 0    ; 0            ; |part4|hex_7seg:dsp0                        ;              ;
;    |hex_7seg:dsp1|            ; 7 (7)             ; 0 (0)        ; 0           ; 0            ; 0       ; 0         ; 0    ; 0            ; |part4|hex_7seg:dsp1                        ;              ;
;    |hex_7seg:dsp2|            ; 7 (7)             ; 0 (0)        ; 0           ; 0            ; 0       ; 0         ; 0    ; 0            ; |part4|hex_7seg:dsp2                        ;              ;
;    |hex_7seg:dsp3|            ; 7 (7)             ; 0 (0)        ; 0           ; 0            ; 0       ; 0         ; 0    ; 0            ; |part4|hex_7seg:dsp3                        ;              ;
;    |hex_7seg:dsp4|            ; 7 (7)             ; 0 (0)        ; 0           ; 0            ; 0       ; 0         ; 0    ; 0            ; |part4|hex_7seg:dsp4                        ;              ;
;    |hex_7seg:dsp5|            ; 7 (7)             ; 0 (0)        ; 0           ; 0            ; 0       ; 0         ; 0    ; 0            ; |part4|hex_7seg:dsp5                        ;              ;
;    |hex_7seg:dsp6|            ; 7 (7)             ; 0 (0)        ; 0           ; 0            ; 0       ; 0         ; 0    ; 0            ; |part4|hex_7seg:dsp6                        ;              ;
;    |hex_7seg:dsp7|            ; 7 (7)             ; 0 (0)        ; 0           ; 0            ; 0       ; 0         ; 0    ; 0            ; |part4|hex_7seg:dsp7                        ;              ;
;    |keyboard:kbd|             ; 14 (14)           ; 34 (34)      ; 0           ; 0            ; 0       ; 0         ; 0    ; 0            ; |part4|keyboard:kbd                         ;              ;
;    |oneshot:pulser|           ; 1 (1)             ; 2 (2)        ; 0           ; 0            ; 0       ; 0         ; 0    ; 0            ; |part4|oneshot:pulser                       ;              ;
+-------------------------------+-------------------+--------------+-------------+--------------+---------+-----------+------+--------------+---------------------------------------------+--------------+
Note: For table entries with two numbers listed, the numbers in parentheses indicate the number of resources of the given type used by the specific entity alone. The numbers listed outside of parentheses indicate the total resources of the given type used by the specific entity and all of its sub-entities in the hierarchy.


Encoding Type:  One-Hot
+--------------------------------------------------------------------------------------------------------------------------------------------------------------------------------------------------------------------------------------------------------------------------------------+
; State Machine - |part4|LCD_Display:u1|next_command                                                                                                                                                                                                                                   ;
+----------------------------+----------------------------+--------------------------+---------------------+---------------------+--------------------------+--------------------+---------------------------+-----------------------+-------------------------+-----------------------+
; Name                       ; next_command.DISPLAY_CLEAR ; next_command.DISPLAY_OFF ; next_command.RESET3 ; next_command.RESET2 ; next_command.RETURN_HOME ; next_command.LINE2 ; next_command.Print_String ; next_command.MODE_SET ; next_command.DISPLAY_ON ; next_command.FUNC_SET ;
+----------------------------+----------------------------+--------------------------+---------------------+---------------------+--------------------------+--------------------+---------------------------+-----------------------+-------------------------+-----------------------+
; next_command.FUNC_SET      ; 0                          ; 0                        ; 0                   ; 0                   ; 0                        ; 0                  ; 0                         ; 0                     ; 0                       ; 0                     ;
; next_command.DISPLAY_ON    ; 0                          ; 0                        ; 0                   ; 0                   ; 0                        ; 0                  ; 0                         ; 0                     ; 1                       ; 1                     ;
; next_command.MODE_SET      ; 0                          ; 0                        ; 0                   ; 0                   ; 0                        ; 0                  ; 0                         ; 1                     ; 0                       ; 1                     ;
; next_command.Print_String  ; 0                          ; 0                        ; 0                   ; 0                   ; 0                        ; 0                  ; 1                         ; 0                     ; 0                       ; 1                     ;
; next_command.LINE2         ; 0                          ; 0                        ; 0                   ; 0                   ; 0                        ; 1                  ; 0                         ; 0                     ; 0                       ; 1                     ;
; next_command.RETURN_HOME   ; 0                          ; 0                        ; 0                   ; 0                   ; 1                        ; 0                  ; 0                         ; 0                     ; 0                       ; 1                     ;
; next_command.RESET2        ; 0                          ; 0                        ; 0                   ; 1                   ; 0                        ; 0                  ; 0                         ; 0                     ; 0                       ; 1                     ;
; next_command.RESET3        ; 0                          ; 0                        ; 1                   ; 0                   ; 0                        ; 0                  ; 0                         ; 0                     ; 0                       ; 1                     ;
; next_command.DISPLAY_OFF   ; 0                          ; 1                        ; 0                   ; 0                   ; 0                        ; 0                  ; 0                         ; 0                     ; 0                       ; 1                     ;
; next_command.DISPLAY_CLEAR ; 1                          ; 0                        ; 0                   ; 0                   ; 0                        ; 0                  ; 0                         ; 0                     ; 0                       ; 1                     ;
+----------------------------+----------------------------+--------------------------+---------------------+---------------------+--------------------------+--------------------+---------------------------+-----------------------+-------------------------+-----------------------+


Encoding Type:  One-Hot
+--------------------------------------------------------------------------------------------------------------------------------------------------------------------------------------------------------------------------------------------------------+
; State Machine - |part4|LCD_Display:u1|state                                                                                                                                                                                                            ;
+---------------------+---------------------+-------------------+--------------+--------------+------------+------------------+-------------------+-------------+--------------------+----------------+------------------+----------------+--------------+
; Name                ; state.DISPLAY_CLEAR ; state.DISPLAY_OFF ; state.RESET3 ; state.RESET2 ; state.HOLD ; state.DROP_LCD_E ; state.RETURN_HOME ; state.LINE2 ; state.Print_String ; state.MODE_SET ; state.DISPLAY_ON ; state.FUNC_SET ; state.RESET1 ;
+---------------------+---------------------+-------------------+--------------+--------------+------------+------------------+-------------------+-------------+--------------------+----------------+------------------+----------------+--------------+
; state.RESET1        ; 0                   ; 0                 ; 0            ; 0            ; 0          ; 0                ; 0                 ; 0           ; 0                  ; 0              ; 0                ; 0              ; 0            ;
; state.FUNC_SET      ; 0                   ; 0                 ; 0            ; 0            ; 0          ; 0                ; 0                 ; 0           ; 0                  ; 0              ; 0                ; 1              ; 1            ;
; state.DISPLAY_ON    ; 0                   ; 0                 ; 0            ; 0            ; 0          ; 0                ; 0                 ; 0           ; 0                  ; 0              ; 1                ; 0              ; 1            ;
; state.MODE_SET      ; 0                   ; 0                 ; 0            ; 0            ; 0          ; 0                ; 0                 ; 0           ; 0                  ; 1              ; 0                ; 0              ; 1            ;
; state.Print_String  ; 0                   ; 0                 ; 0            ; 0            ; 0          ; 0                ; 0                 ; 0           ; 1                  ; 0              ; 0                ; 0              ; 1            ;
; state.LINE2         ; 0                   ; 0                 ; 0            ; 0            ; 0          ; 0                ; 0                 ; 1           ; 0                  ; 0              ; 0                ; 0              ; 1            ;
; state.RETURN_HOME   ; 0                   ; 0                 ; 0            ; 0            ; 0          ; 0                ; 1                 ; 0           ; 0                  ; 0              ; 0                ; 0              ; 1            ;
; state.DROP_LCD_E    ; 0                   ; 0                 ; 0            ; 0            ; 0          ; 1                ; 0                 ; 0           ; 0                  ; 0              ; 0                ; 0              ; 1            ;
; state.HOLD          ; 0                   ; 0                 ; 0            ; 0            ; 1          ; 0                ; 0                 ; 0           ; 0                  ; 0              ; 0                ; 0              ; 1            ;
; state.RESET2        ; 0                   ; 0                 ; 0            ; 1            ; 0          ; 0                ; 0                 ; 0           ; 0                  ; 0              ; 0                ; 0              ; 1            ;
; state.RESET3        ; 0                   ; 0                 ; 1            ; 0            ; 0          ; 0                ; 0                 ; 0           ; 0                  ; 0              ; 0                ; 0              ; 1            ;
; state.DISPLAY_OFF   ; 0                   ; 1                 ; 0            ; 0            ; 0          ; 0                ; 0                 ; 0           ; 0                  ; 0              ; 0                ; 0              ; 1            ;
; state.DISPLAY_CLEAR ; 1                   ; 0                 ; 0            ; 0            ; 0          ; 0                ; 0                 ; 0           ; 0                  ; 0              ; 0                ; 0              ; 1            ;
+---------------------+---------------------+-------------------+--------------+--------------+------------+------------------+-------------------+-------------+--------------------+----------------+------------------+----------------+--------------+


+--------------------------------------------------------------------------------+
; Registers Removed During Synthesis                                             ;
+---------------------------------------+----------------------------------------+
; Register name                         ; Reason for Removal                     ;
+---------------------------------------+----------------------------------------+
; LCD_Display:u1|LCD_RW_INT             ; Stuck at GND due to stuck port data_in ;
; LCD_Display:u1|next_command~2         ; Lost fanout                            ;
; LCD_Display:u1|next_command~3         ; Lost fanout                            ;
; LCD_Display:u1|next_command~4         ; Lost fanout                            ;
; LCD_Display:u1|next_command~5         ; Lost fanout                            ;
; LCD_Display:u1|state~14               ; Lost fanout                            ;
; LCD_Display:u1|state~15               ; Lost fanout                            ;
; LCD_Display:u1|state~16               ; Lost fanout                            ;
; LCD_Display:u1|state~17               ; Lost fanout                            ;
; Total Number of Removed Registers = 9 ;                                        ;
+---------------------------------------+----------------------------------------+


+------------------------------------------------------+
; General Register Statistics                          ;
+----------------------------------------------+-------+
; Statistic                                    ; Value ;
+----------------------------------------------+-------+
; Total registers                              ; 148   ;
; Number of registers using Synchronous Clear  ; 20    ;
; Number of registers using Synchronous Load   ; 5     ;
; Number of registers using Asynchronous Clear ; 35    ;
; Number of registers using Asynchronous Load  ; 0     ;
; Number of registers using Clock Enable       ; 64    ;
; Number of registers using Preset             ; 0     ;
+----------------------------------------------+-------+


+-------------------------------------------------------------+
; Parameter Settings for User Entity Instance: LCD_Display:u1 ;
+----------------+-------+------------------------------------+
; Parameter Name ; Value ; Type                               ;
+----------------+-------+------------------------------------+
; HOLD           ; 0000  ; Unsigned Binary                    ;
; FUNC_SET       ; 0001  ; Unsigned Binary                    ;
; DISPLAY_ON     ; 0010  ; Unsigned Binary                    ;
; MODE_SET       ; 0011  ; Unsigned Binary                    ;
; Print_String   ; 0100  ; Unsigned Binary                    ;
; LINE2          ; 0101  ; Unsigned Binary                    ;
; RETURN_HOME    ; 0110  ; Unsigned Binary                    ;
; DROP_LCD_E     ; 0111  ; Unsigned Binary                    ;
; RESET1         ; 1000  ; Unsigned Binary                    ;
; RESET2         ; 1001  ; Unsigned Binary                    ;
; RESET3         ; 1010  ; Unsigned Binary                    ;
; DISPLAY_OFF    ; 1011  ; Unsigned Binary                    ;
; DISPLAY_CLEAR  ; 1100  ; Unsigned Binary                    ;
+----------------+-------+------------------------------------+
Note: In order to hide this table in the UI and the text report file, please set the "Show Parameter Settings in Synthesis Report" option in "Analysis and Synthesis Settings -> More Settings" to "Off".


+--------------------------------------------+
; Port Connectivity Checks: "LCD_Display:u1" ;
+----------+-------+----------+--------------+
; Port     ; Type  ; Severity ; Details      ;
+----------+-------+----------+--------------+
; d1[5..4] ; Input ; Info     ; Stuck at VCC ;
; d1[7..6] ; Input ; Info     ; Stuck at GND ;
; d1[3..1] ; Input ; Info     ; Stuck at GND ;
; d2[5..4] ; Input ; Info     ; Stuck at VCC ;
; d2[7..6] ; Input ; Info     ; Stuck at GND ;
; d2[3..1] ; Input ; Info     ; Stuck at GND ;
; d3[5..4] ; Input ; Info     ; Stuck at VCC ;
; d3[7..6] ; Input ; Info     ; Stuck at GND ;
; d3[3..1] ; Input ; Info     ; Stuck at GND ;
; d4[5..4] ; Input ; Info     ; Stuck at VCC ;
; d4[7..6] ; Input ; Info     ; Stuck at GND ;
; d4[3..1] ; Input ; Info     ; Stuck at GND ;
; d5[5..4] ; Input ; Info     ; Stuck at VCC ;
; d5[7..6] ; Input ; Info     ; Stuck at GND ;
; d5[3..1] ; Input ; Info     ; Stuck at GND ;
; d6[5..4] ; Input ; Info     ; Stuck at VCC ;
; d6[7..6] ; Input ; Info     ; Stuck at GND ;
; d6[3..1] ; Input ; Info     ; Stuck at GND ;
; d7[5..4] ; Input ; Info     ; Stuck at VCC ;
; d7[7..6] ; Input ; Info     ; Stuck at GND ;
; d7[3..1] ; Input ; Info     ; Stuck at GND ;
; d8[5..4] ; Input ; Info     ; Stuck at VCC ;
; d8[7..6] ; Input ; Info     ; Stuck at GND ;
; d8[3..1] ; Input ; Info     ; Stuck at GND ;
+----------+-------+----------+--------------+


+------------------------------------------+
; Port Connectivity Checks: "keyboard:kbd" ;
+-------+-------+----------+---------------+
; Port  ; Type  ; Severity ; Details       ;
+-------+-------+----------+---------------+
; reset ; Input ; Info     ; Stuck at GND  ;
+-------+-------+----------+---------------+


+-------------------------------+
; Elapsed Time Per Partition    ;
+----------------+--------------+
; Partition Name ; Elapsed Time ;
+----------------+--------------+
; Top            ; 00:00:03     ;
+----------------+--------------+


+-------------------------------+
; Analysis & Synthesis Messages ;
+-------------------------------+
Info: *******************************************************************
Info: Running Quartus II 64-Bit Analysis & Synthesis
    Info: Version 11.1 Build 259 01/25/2012 Service Pack 2 SJ Full Version
    Info: Processing started: Thu Nov 06 19:18:47 2014
Info: Command: quartus_map --read_settings_files=on --write_settings_files=off part4 -c part4
Info (20030): Parallel compilation is enabled and will use 4 of the 4 processors detected
Info (12021): Found 7 design units, including 7 entities, in source file part4.v
    Info (12023): Found entity 1: part4
    Info (12023): Found entity 2: LCD_Display
    Info (12023): Found entity 3: LCD_display_string
    Info (12023): Found entity 4: Reset_Delay
    Info (12023): Found entity 5: keyboard
    Info (12023): Found entity 6: oneshot
    Info (12023): Found entity 7: hex_7seg
Info (12127): Elaborating entity "part4" for the top level hierarchy
Warning (10036): Verilog HDL or VHDL warning at part4.v(102): object "RST" assigned a value but never read
Warning (10036): Verilog HDL or VHDL warning at part4.v(116): object "hex1" assigned a value but never read
Warning (10036): Verilog HDL or VHDL warning at part4.v(116): object "hex0" assigned a value but never read
Info (12128): Elaborating entity "oneshot" for hierarchy "oneshot:pulser"
Info (12128): Elaborating entity "keyboard" for hierarchy "keyboard:kbd"
Info (12128): Elaborating entity "hex_7seg" for hierarchy "hex_7seg:dsp0"
Info (12128): Elaborating entity "Reset_Delay" for hierarchy "Reset_Delay:r0"
Info (12128): Elaborating entity "LCD_Display" for hierarchy "LCD_Display:u1"
Info (12128): Elaborating entity "LCD_display_string" for hierarchy "LCD_Display:u1|LCD_display_string:u1"
Warning (13009): TRI or OPNDRN buffers permanently enabled
    Warning (13010): Node "LCD_Display:u1|DATA_BUS[0]~synth"
    Warning (13010): Node "LCD_Display:u1|DATA_BUS[1]~synth"
    Warning (13010): Node "LCD_Display:u1|DATA_BUS[2]~synth"
    Warning (13010): Node "LCD_Display:u1|DATA_BUS[3]~synth"
    Warning (13010): Node "LCD_Display:u1|DATA_BUS[4]~synth"
    Warning (13010): Node "LCD_Display:u1|DATA_BUS[5]~synth"
    Warning (13010): Node "LCD_Display:u1|DATA_BUS[6]~synth"
    Warning (13010): Node "LCD_Display:u1|DATA_BUS[7]~synth"
Warning (13024): Output pins are stuck at VCC or GND
    Warning (13410): Pin "LEDG[0]" is stuck at GND
    Warning (13410): Pin "LEDG[1]" is stuck at GND
    Warning (13410): Pin "LEDG[2]" is stuck at GND
    Warning (13410): Pin "LEDG[3]" is stuck at GND
    Warning (13410): Pin "LEDG[4]" is stuck at GND
    Warning (13410): Pin "LEDG[5]" is stuck at GND
    Warning (13410): Pin "LEDG[6]" is stuck at GND
    Warning (13410): Pin "LEDG[7]" is stuck at GND
    Warning (13410): Pin "LEDG[8]" is stuck at GND
    Warning (13410): Pin "LCD_ON" is stuck at VCC
    Warning (13410): Pin "LCD_BLON" is stuck at VCC
    Warning (13410): Pin "LCD_RW" is stuck at GND
Info (17049): 8 registers lost all their fanouts during netlist optimizations. The first 8 are displayed below.
    Info (17050): Register "LCD_Display:u1|next_command~2" lost all its fanouts during netlist optimizations.
    Info (17050): Register "LCD_Display:u1|next_command~3" lost all its fanouts during netlist optimizations.
    Info (17050): Register "LCD_Display:u1|next_command~4" lost all its fanouts during netlist optimizations.
    Info (17050): Register "LCD_Display:u1|next_command~5" lost all its fanouts during netlist optimizations.
    Info (17050): Register "LCD_Display:u1|state~14" lost all its fanouts during netlist optimizations.
    Info (17050): Register "LCD_Display:u1|state~15" lost all its fanouts during netlist optimizations.
    Info (17050): Register "LCD_Display:u1|state~16" lost all its fanouts during netlist optimizations.
    Info (17050): Register "LCD_Display:u1|state~17" lost all its fanouts during netlist optimizations.
Info (144001): Generated suppressed messages file E:/CSC258 Lab 6/part4/part4.map.smsg
Info (16010): Generating hard_block partition "hard_block:auto_generated_inst"
Warning (21074): Design contains 4 input pin(s) that do not drive logic
    Warning (15610): No output dependent on input pin "KEY[0]"
    Warning (15610): No output dependent on input pin "KEY[1]"
    Warning (15610): No output dependent on input pin "KEY[2]"
    Warning (15610): No output dependent on input pin "KEY[3]"
Info (21057): Implemented 437 device resources after synthesis - the final resource count might be different
    Info (21058): Implemented 25 input pins
    Info (21059): Implemented 88 output pins
    Info (21060): Implemented 80 bidirectional pins
    Info (21061): Implemented 244 logic cells
Info: Quartus II 64-Bit Analysis & Synthesis was successful. 0 errors, 30 warnings
    Info: Peak virtual memory: 374 megabytes
    Info: Processing ended: Thu Nov 06 19:18:56 2014
    Info: Elapsed time: 00:00:09
    Info: Total CPU time (on all processors): 00:00:04


+------------------------------------------+
; Analysis & Synthesis Suppressed Messages ;
+------------------------------------------+
The suppressed messages can be found in E:/CSC258 Lab 6/part4/part4.map.smsg.


