Analysis & Synthesis report for part4
Thu Oct 02 01:38:58 2014
Quartus II 32-bit Version 11.1 Build 259 01/25/2012 Service Pack 2 SJ Web Edition


---------------------
; Table of Contents ;
---------------------
  1. Legal Notice
  2. Analysis & Synthesis Summary
  3. Analysis & Synthesis Settings
  4. Parallel Compilation
  5. Analysis & Synthesis Messages
  6. Analysis & Synthesis Suppressed Messages



----------------
; Legal Notice ;
----------------
Copyright (C) 1991-2011 Altera Corporation
Your use of Altera Corporation's design tools, logic functions 
and other software and tools, and its AMPP partner logic 
functions, and any output files from any of the foregoing 
(including device programming or simulation files), and any 
associated documentation or information are expressly subject 
to the terms and conditions of the Altera Program License 
Subscription Agreement, Altera MegaCore Function License 
Agreement, or other applicable license agreement, including, 
without limitation, that your use is for the sole purpose of 
programming logic devices manufactured by Altera and sold by 
Altera or its authorized distributors.  Please refer to the 
applicable agreement for further details.



+------------------------------------------------------------------------------------+
; Analysis & Synthesis Summary                                                       ;
+------------------------------------+-----------------------------------------------+
; Analysis & Synthesis Status        ; Failed - Thu Oct 02 01:38:58 2014             ;
; Quartus II 32-bit Version          ; 11.1 Build 259 01/25/2012 SP 2 SJ Web Edition ;
; Revision Name                      ; part4                                         ;
; Top-level Entity Name              ; part4                                         ;
; Family                             ; Cyclone II                                    ;
; Total logic elements               ; N/A until Partition Merge                     ;
;     Total combinational functions  ; N/A until Partition Merge                     ;
;     Dedicated logic registers      ; N/A until Partition Merge                     ;
; Total registers                    ; N/A until Partition Merge                     ;
; Total pins                         ; N/A until Partition Merge                     ;
; Total virtual pins                 ; N/A until Partition Merge                     ;
; Total memory bits                  ; N/A until Partition Merge                     ;
; Embedded Multiplier 9-bit elements ; N/A until Partition Merge                     ;
; Total PLLs                         ; N/A until Partition Merge                     ;
+------------------------------------+-----------------------------------------------+


+----------------------------------------------------------------------------------------------------------------------+
; Analysis & Synthesis Settings                                                                                        ;
+----------------------------------------------------------------------------+--------------------+--------------------+
; Option                                                                     ; Setting            ; Default Value      ;
+----------------------------------------------------------------------------+--------------------+--------------------+
; Device                                                                     ; EP2C35F672C6       ;                    ;
; Top-level entity name                                                      ; part4              ; part4              ;
; Family name                                                                ; Cyclone II         ; Cyclone IV GX      ;
; Use smart compilation                                                      ; Off                ; Off                ;
; Enable parallel Assembler and TimeQuest Timing Analyzer during compilation ; On                 ; On                 ;
; Enable compact report table                                                ; Off                ; Off                ;
; Restructure Multiplexers                                                   ; Auto               ; Auto               ;
; Create Debugging Nodes for IP Cores                                        ; Off                ; Off                ;
; Preserve fewer node names                                                  ; On                 ; On                 ;
; Disable OpenCore Plus hardware evaluation                                  ; Off                ; Off                ;
; Verilog Version                                                            ; Verilog_2001       ; Verilog_2001       ;
; VHDL Version                                                               ; VHDL_1993          ; VHDL_1993          ;
; State Machine Processing                                                   ; Auto               ; Auto               ;
; Safe State Machine                                                         ; Off                ; Off                ;
; Extract Verilog State Machines                                             ; On                 ; On                 ;
; Extract VHDL State Machines                                                ; On                 ; On                 ;
; Ignore Verilog initial constructs                                          ; Off                ; Off                ;
; Iteration limit for constant Verilog loops                                 ; 5000               ; 5000               ;
; Iteration limit for non-constant Verilog loops                             ; 250                ; 250                ;
; Add Pass-Through Logic to Inferred RAMs                                    ; On                 ; On                 ;
; Infer RAMs from Raw Logic                                                  ; On                 ; On                 ;
; Parallel Synthesis                                                         ; On                 ; On                 ;
; DSP Block Balancing                                                        ; Auto               ; Auto               ;
; NOT Gate Push-Back                                                         ; On                 ; On                 ;
; Power-Up Don't Care                                                        ; On                 ; On                 ;
; Remove Redundant Logic Cells                                               ; Off                ; Off                ;
; Remove Duplicate Registers                                                 ; On                 ; On                 ;
; Ignore CARRY Buffers                                                       ; Off                ; Off                ;
; Ignore CASCADE Buffers                                                     ; Off                ; Off                ;
; Ignore GLOBAL Buffers                                                      ; Off                ; Off                ;
; Ignore ROW GLOBAL Buffers                                                  ; Off                ; Off                ;
; Ignore LCELL Buffers                                                       ; Off                ; Off                ;
; Ignore SOFT Buffers                                                        ; On                 ; On                 ;
; Limit AHDL Integers to 32 Bits                                             ; Off                ; Off                ;
; Optimization Technique                                                     ; Balanced           ; Balanced           ;
; Carry Chain Length                                                         ; 70                 ; 70                 ;
; Auto Carry Chains                                                          ; On                 ; On                 ;
; Auto Open-Drain Pins                                                       ; On                 ; On                 ;
; Perform WYSIWYG Primitive Resynthesis                                      ; Off                ; Off                ;
; Auto ROM Replacement                                                       ; On                 ; On                 ;
; Auto RAM Replacement                                                       ; On                 ; On                 ;
; Auto Shift Register Replacement                                            ; Auto               ; Auto               ;
; Allow Shift Register Merging across Hierarchies                            ; Auto               ; Auto               ;
; Auto Clock Enable Replacement                                              ; On                 ; On                 ;
; Strict RAM Replacement                                                     ; Off                ; Off                ;
; Allow Synchronous Control Signals                                          ; On                 ; On                 ;
; Force Use of Synchronous Clear Signals                                     ; Off                ; Off                ;
; Auto RAM to Logic Cell Conversion                                          ; Off                ; Off                ;
; Auto Resource Sharing                                                      ; Off                ; Off                ;
; Allow Any RAM Size For Recognition                                         ; Off                ; Off                ;
; Allow Any ROM Size For Recognition                                         ; Off                ; Off                ;
; Allow Any Shift Register Size For Recognition                              ; Off                ; Off                ;
; Use LogicLock Constraints during Resource Balancing                        ; On                 ; On                 ;
; Ignore translate_off and synthesis_off directives                          ; Off                ; Off                ;
; Timing-Driven Synthesis                                                    ; Off                ; Off                ;
; Report Parameter Settings                                                  ; On                 ; On                 ;
; Report Source Assignments                                                  ; On                 ; On                 ;
; Report Connectivity Checks                                                 ; On                 ; On                 ;
; Ignore Maximum Fan-Out Assignments                                         ; Off                ; Off                ;
; Synchronization Register Chain Length                                      ; 2                  ; 2                  ;
; PowerPlay Power Optimization                                               ; Normal compilation ; Normal compilation ;
; HDL message level                                                          ; Level2             ; Level2             ;
; Suppress Register Optimization Related Messages                            ; Off                ; Off                ;
; Number of Removed Registers Reported in Synthesis Report                   ; 5000               ; 5000               ;
; Number of Inverted Registers Reported in Synthesis Report                  ; 100                ; 100                ;
; Clock MUX Protection                                                       ; On                 ; On                 ;
; Auto Gated Clock Conversion                                                ; Off                ; Off                ;
; Block Design Naming                                                        ; Auto               ; Auto               ;
; SDC constraint protection                                                  ; Off                ; Off                ;
; Synthesis Effort                                                           ; Auto               ; Auto               ;
; Shift Register Replacement - Allow Asynchronous Clear Signal               ; On                 ; On                 ;
; Analysis & Synthesis Message Level                                         ; Medium             ; Medium             ;
; Disable Register Merging Across Hierarchies                                ; Auto               ; Auto               ;
; Resource Aware Inference For Block RAM                                     ; On                 ; On                 ;
; Synthesis Seed                                                             ; 1                  ; 1                  ;
+----------------------------------------------------------------------------+--------------------+--------------------+


Parallel compilation was disabled, but you have multiple processors available. Enable parallel compilation to reduce compilation time.
+-------------------------------------+
; Parallel Compilation                ;
+----------------------------+--------+
; Processors                 ; Number ;
+----------------------------+--------+
; Number detected on machine ; 2      ;
; Maximum allowed            ; 1      ;
+----------------------------+--------+


+-------------------------------+
; Analysis & Synthesis Messages ;
+-------------------------------+
Info: *******************************************************************
Info: Running Quartus II 32-bit Analysis & Synthesis
    Info: Version 11.1 Build 259 01/25/2012 Service Pack 2 SJ Web Edition
    Info: Processing started: Thu Oct 02 01:38:56 2014
Info: Command: quartus_map --read_settings_files=on --write_settings_files=off part4 -c part4
Warning (20028): Parallel compilation is not licensed and has been disabled
Info (12021): Found 8 design units, including 8 entities, in source file part4.v
    Info (12023): Found entity 1: part4
    Info (12023): Found entity 2: full_adder
    Info (12023): Found entity 3: b2d_7seg
    Info (12023): Found entity 4: comparator
    Info (12023): Found entity 5: comparator9
    Info (12023): Found entity 6: circuitA
    Info (12023): Found entity 7: circuitB
    Info (12023): Found entity 8: mux_4bit_2to1
Info (12127): Elaborating entity "part4" for the top level hierarchy
Warning (10034): Output port "LEDG[7..5]" at part4.v(3) has no driver
Info (12128): Elaborating entity "comparator" for hierarchy "comparator:C0"
Info (12128): Elaborating entity "full_adder" for hierarchy "full_adder:FA0"
Info (12128): Elaborating entity "comparator9" for hierarchy "comparator9:C2"
Info (12128): Elaborating entity "circuitA" for hierarchy "circuitA:AA"
Info (12128): Elaborating entity "mux_4bit_2to1" for hierarchy "mux_4bit_2to1:M0"
Info (12128): Elaborating entity "circuitB" for hierarchy "circuitB:BB"
Info (12128): Elaborating entity "b2d_7seg" for hierarchy "b2d_7seg:S0"
Warning (12011): Net is missing source, defaulting to GND
    Warning (12110): Net "LEDG[4]" is missing source, defaulting to GND
    Warning (12110): Net "S[3]" is missing source, defaulting to GND
Warning (12011): Net is missing source, defaulting to GND
    Warning (12110): Net "LEDG[4]" is missing source, defaulting to GND
    Warning (12110): Net "c3" is missing source, defaulting to GND
    Warning (12110): Net "S[3]" is missing source, defaulting to GND
    Warning (12110): Net "S[2]" is missing source, defaulting to GND
Warning (12011): Net is missing source, defaulting to GND
    Warning (12110): Net "LEDG[4]" is missing source, defaulting to GND
    Warning (12110): Net "c2" is missing source, defaulting to GND
    Warning (12110): Net "c3" is missing source, defaulting to GND
    Warning (12110): Net "S[3]" is missing source, defaulting to GND
    Warning (12110): Net "S[2]" is missing source, defaulting to GND
    Warning (12110): Net "S[1]" is missing source, defaulting to GND
Warning (12011): Net is missing source, defaulting to GND
    Warning (12110): Net "LEDG[4]" is missing source, defaulting to GND
    Warning (12110): Net "c1" is missing source, defaulting to GND
    Warning (12110): Net "c2" is missing source, defaulting to GND
    Warning (12110): Net "c3" is missing source, defaulting to GND
    Warning (12110): Net "S[3]" is missing source, defaulting to GND
    Warning (12110): Net "S[2]" is missing source, defaulting to GND
    Warning (12110): Net "S[1]" is missing source, defaulting to GND
    Warning (12110): Net "S[0]" is missing source, defaulting to GND
Warning (12011): Net is missing source, defaulting to GND
    Warning (12110): Net "LEDG[4]" is missing source, defaulting to GND
    Warning (12110): Net "c1" is missing source, defaulting to GND
    Warning (12110): Net "c2" is missing source, defaulting to GND
    Warning (12110): Net "c3" is missing source, defaulting to GND
    Warning (12110): Net "S[3]" is missing source, defaulting to GND
    Warning (12110): Net "S[2]" is missing source, defaulting to GND
    Warning (12110): Net "S[1]" is missing source, defaulting to GND
    Warning (12110): Net "S[0]" is missing source, defaulting to GND
Warning (12011): Net is missing source, defaulting to GND
    Warning (12110): Net "LEDG[4]" is missing source, defaulting to GND
    Warning (12110): Net "c1" is missing source, defaulting to GND
    Warning (12110): Net "c2" is missing source, defaulting to GND
    Warning (12110): Net "c3" is missing source, defaulting to GND
    Warning (12110): Net "S[3]" is missing source, defaulting to GND
    Warning (12110): Net "S[2]" is missing source, defaulting to GND
    Warning (12110): Net "S[1]" is missing source, defaulting to GND
    Warning (12110): Net "S[0]" is missing source, defaulting to GND
Error (12014): Net "SW[7]", which fans out to "LEDR[7]", cannot be assigned more than one value File: E:/U of Toronto/Yr.2/Fall Semester/CSC258H1F/Labs/CSC258 Lab 2 - Verilog/part4/part4.v Line: 2
    Error (12015): Net is fed by "full_adder:FA3|cout" File: E:/U of Toronto/Yr.2/Fall Semester/CSC258H1F/Labs/CSC258 Lab 2 - Verilog/part4/part4.v Line: 37
    Error (12015): Net is fed by "SW[7]" File: E:/U of Toronto/Yr.2/Fall Semester/CSC258H1F/Labs/CSC258 Lab 2 - Verilog/part4/part4.v Line: 2
Error (12014): Net "SW[6]", which fans out to "LEDR[6]", cannot be assigned more than one value File: E:/U of Toronto/Yr.2/Fall Semester/CSC258H1F/Labs/CSC258 Lab 2 - Verilog/part4/part4.v Line: 2
    Error (12015): Net is fed by "full_adder:FA2|cout" File: E:/U of Toronto/Yr.2/Fall Semester/CSC258H1F/Labs/CSC258 Lab 2 - Verilog/part4/part4.v Line: 37
    Error (12015): Net is fed by "SW[6]" File: E:/U of Toronto/Yr.2/Fall Semester/CSC258H1F/Labs/CSC258 Lab 2 - Verilog/part4/part4.v Line: 2
Error (12014): Net "SW[5]", which fans out to "LEDR[5]", cannot be assigned more than one value File: E:/U of Toronto/Yr.2/Fall Semester/CSC258H1F/Labs/CSC258 Lab 2 - Verilog/part4/part4.v Line: 2
    Error (12015): Net is fed by "full_adder:FA1|cout" File: E:/U of Toronto/Yr.2/Fall Semester/CSC258H1F/Labs/CSC258 Lab 2 - Verilog/part4/part4.v Line: 37
    Error (12015): Net is fed by "SW[5]" File: E:/U of Toronto/Yr.2/Fall Semester/CSC258H1F/Labs/CSC258 Lab 2 - Verilog/part4/part4.v Line: 2
Error (12014): Net "SW[4]", which fans out to "LEDR[4]", cannot be assigned more than one value File: E:/U of Toronto/Yr.2/Fall Semester/CSC258H1F/Labs/CSC258 Lab 2 - Verilog/part4/part4.v Line: 2
    Error (12015): Net is fed by "full_adder:FA0|cout" File: E:/U of Toronto/Yr.2/Fall Semester/CSC258H1F/Labs/CSC258 Lab 2 - Verilog/part4/part4.v Line: 37
    Error (12015): Net is fed by "SW[4]" File: E:/U of Toronto/Yr.2/Fall Semester/CSC258H1F/Labs/CSC258 Lab 2 - Verilog/part4/part4.v Line: 2
Error (12014): Net "SW[3]", which fans out to "LEDR[3]", cannot be assigned more than one value File: E:/U of Toronto/Yr.2/Fall Semester/CSC258H1F/Labs/CSC258 Lab 2 - Verilog/part4/part4.v Line: 2
    Error (12015): Net is fed by "full_adder:FA3|sum" File: E:/U of Toronto/Yr.2/Fall Semester/CSC258H1F/Labs/CSC258 Lab 2 - Verilog/part4/part4.v Line: 37
    Error (12015): Net is fed by "SW[3]" File: E:/U of Toronto/Yr.2/Fall Semester/CSC258H1F/Labs/CSC258 Lab 2 - Verilog/part4/part4.v Line: 2
Error (12014): Net "SW[2]", which fans out to "LEDR[2]", cannot be assigned more than one value File: E:/U of Toronto/Yr.2/Fall Semester/CSC258H1F/Labs/CSC258 Lab 2 - Verilog/part4/part4.v Line: 2
    Error (12015): Net is fed by "full_adder:FA2|sum" File: E:/U of Toronto/Yr.2/Fall Semester/CSC258H1F/Labs/CSC258 Lab 2 - Verilog/part4/part4.v Line: 37
    Error (12015): Net is fed by "SW[2]" File: E:/U of Toronto/Yr.2/Fall Semester/CSC258H1F/Labs/CSC258 Lab 2 - Verilog/part4/part4.v Line: 2
Error (12014): Net "SW[1]", which fans out to "LEDR[1]", cannot be assigned more than one value File: E:/U of Toronto/Yr.2/Fall Semester/CSC258H1F/Labs/CSC258 Lab 2 - Verilog/part4/part4.v Line: 2
    Error (12015): Net is fed by "full_adder:FA1|sum" File: E:/U of Toronto/Yr.2/Fall Semester/CSC258H1F/Labs/CSC258 Lab 2 - Verilog/part4/part4.v Line: 37
    Error (12015): Net is fed by "SW[1]" File: E:/U of Toronto/Yr.2/Fall Semester/CSC258H1F/Labs/CSC258 Lab 2 - Verilog/part4/part4.v Line: 2
Error (12014): Net "SW[0]", which fans out to "LEDR[0]", cannot be assigned more than one value File: E:/U of Toronto/Yr.2/Fall Semester/CSC258H1F/Labs/CSC258 Lab 2 - Verilog/part4/part4.v Line: 2
    Error (12015): Net is fed by "full_adder:FA0|sum" File: E:/U of Toronto/Yr.2/Fall Semester/CSC258H1F/Labs/CSC258 Lab 2 - Verilog/part4/part4.v Line: 37
    Error (12015): Net is fed by "SW[0]" File: E:/U of Toronto/Yr.2/Fall Semester/CSC258H1F/Labs/CSC258 Lab 2 - Verilog/part4/part4.v Line: 2
Info (144001): Generated suppressed messages file E:/U of Toronto/Yr.2/Fall Semester/CSC258H1F/Labs/CSC258 Lab 2 - Verilog/part4/part4.map.smsg
Error: Quartus II 32-bit Analysis & Synthesis was unsuccessful. 24 errors, 44 warnings
    Error: Peak virtual memory: 251 megabytes
    Error: Processing ended: Thu Oct 02 01:38:58 2014
    Error: Elapsed time: 00:00:02
    Error: Total CPU time (on all processors): 00:00:01


+------------------------------------------+
; Analysis & Synthesis Suppressed Messages ;
+------------------------------------------+
The suppressed messages can be found in E:/U of Toronto/Yr.2/Fall Semester/CSC258H1F/Labs/CSC258 Lab 2 - Verilog/part4/part4.map.smsg.


