Analysis & Synthesis report for vgalab1
Thu Nov 13 11:10:50 2014
Quartus II 32-bit Version 11.1 Build 259 01/25/2012 Service Pack 2 SJ Web Edition


---------------------
; Table of Contents ;
---------------------
  1. Legal Notice
  2. Analysis & Synthesis Summary
  3. Analysis & Synthesis Settings
  4. Parallel Compilation
  5. Analysis & Synthesis Source Files Read
  6. Analysis & Synthesis Resource Usage Summary
  7. Analysis & Synthesis Resource Utilization by Entity
  8. Analysis & Synthesis IP Cores Summary
  9. User-Specified and Inferred Latches
 10. General Register Statistics
 11. Multiplexer Restructuring Statistics (Restructuring Performed)
 12. Parameter Settings for User Entity Instance: VGA_Audio_PLL:p1|altpll:altpll_component
 13. Parameter Settings for User Entity Instance: vga_sync:u1
 14. Parameter Settings for Inferred Entity Instance: lpm_divide:Div1
 15. Parameter Settings for Inferred Entity Instance: lpm_divide:Div0
 16. altpll Parameter Settings by Entity Instance
 17. Port Connectivity Checks: "VGA_Audio_PLL:p1"
 18. Elapsed Time Per Partition
 19. Analysis & Synthesis Messages
 20. Analysis & Synthesis Suppressed Messages



----------------
; Legal Notice ;
----------------
Copyright (C) 1991-2011 Altera Corporation
Your use of Altera Corporation's design tools, logic functions 
and other software and tools, and its AMPP partner logic 
functions, and any output files from any of the foregoing 
(including device programming or simulation files), and any 
associated documentation or information are expressly subject 
to the terms and conditions of the Altera Program License 
Subscription Agreement, Altera MegaCore Function License 
Agreement, or other applicable license agreement, including, 
without limitation, that your use is for the sole purpose of 
programming logic devices manufactured by Altera and sold by 
Altera or its authorized distributors.  Please refer to the 
applicable agreement for further details.



+------------------------------------------------------------------------------------+
; Analysis & Synthesis Summary                                                       ;
+------------------------------------+-----------------------------------------------+
; Analysis & Synthesis Status        ; Successful - Thu Nov 13 11:10:50 2014         ;
; Quartus II 32-bit Version          ; 11.1 Build 259 01/25/2012 SP 2 SJ Web Edition ;
; Revision Name                      ; vgalab1                                       ;
; Top-level Entity Name              ; vgalab1                                       ;
; Family                             ; Cyclone II                                    ;
; Total logic elements               ; 514                                           ;
;     Total combinational functions  ; 514                                           ;
;     Dedicated logic registers      ; 43                                            ;
; Total registers                    ; 43                                            ;
; Total pins                         ; 215                                           ;
; Total virtual pins                 ; 0                                             ;
; Total memory bits                  ; 0                                             ;
; Embedded Multiplier 9-bit elements ; 0                                             ;
; Total PLLs                         ; 1                                             ;
+------------------------------------+-----------------------------------------------+


+----------------------------------------------------------------------------------------------------------------------+
; Analysis & Synthesis Settings                                                                                        ;
+----------------------------------------------------------------------------+--------------------+--------------------+
; Option                                                                     ; Setting            ; Default Value      ;
+----------------------------------------------------------------------------+--------------------+--------------------+
; Device                                                                     ; EP2C35F672C6       ;                    ;
; Top-level entity name                                                      ; vgalab1            ; vgalab1            ;
; Family name                                                                ; Cyclone II         ; Cyclone IV GX      ;
; Use smart compilation                                                      ; Off                ; Off                ;
; Enable parallel Assembler and TimeQuest Timing Analyzer during compilation ; On                 ; On                 ;
; Enable compact report table                                                ; Off                ; Off                ;
; Restructure Multiplexers                                                   ; Auto               ; Auto               ;
; Create Debugging Nodes for IP Cores                                        ; Off                ; Off                ;
; Preserve fewer node names                                                  ; On                 ; On                 ;
; Disable OpenCore Plus hardware evaluation                                  ; Off                ; Off                ;
; Verilog Version                                                            ; Verilog_2001       ; Verilog_2001       ;
; VHDL Version                                                               ; VHDL_1993          ; VHDL_1993          ;
; State Machine Processing                                                   ; Auto               ; Auto               ;
; Safe State Machine                                                         ; Off                ; Off                ;
; Extract Verilog State Machines                                             ; On                 ; On                 ;
; Extract VHDL State Machines                                                ; On                 ; On                 ;
; Ignore Verilog initial constructs                                          ; Off                ; Off                ;
; Iteration limit for constant Verilog loops                                 ; 5000               ; 5000               ;
; Iteration limit for non-constant Verilog loops                             ; 250                ; 250                ;
; Add Pass-Through Logic to Inferred RAMs                                    ; On                 ; On                 ;
; Infer RAMs from Raw Logic                                                  ; On                 ; On                 ;
; Parallel Synthesis                                                         ; On                 ; On                 ;
; DSP Block Balancing                                                        ; Auto               ; Auto               ;
; NOT Gate Push-Back                                                         ; On                 ; On                 ;
; Power-Up Don't Care                                                        ; On                 ; On                 ;
; Remove Redundant Logic Cells                                               ; Off                ; Off                ;
; Remove Duplicate Registers                                                 ; On                 ; On                 ;
; Ignore CARRY Buffers                                                       ; Off                ; Off                ;
; Ignore CASCADE Buffers                                                     ; Off                ; Off                ;
; Ignore GLOBAL Buffers                                                      ; Off                ; Off                ;
; Ignore ROW GLOBAL Buffers                                                  ; Off                ; Off                ;
; Ignore LCELL Buffers                                                       ; Off                ; Off                ;
; Ignore SOFT Buffers                                                        ; On                 ; On                 ;
; Limit AHDL Integers to 32 Bits                                             ; Off                ; Off                ;
; Optimization Technique                                                     ; Balanced           ; Balanced           ;
; Carry Chain Length                                                         ; 70                 ; 70                 ;
; Auto Carry Chains                                                          ; On                 ; On                 ;
; Auto Open-Drain Pins                                                       ; On                 ; On                 ;
; Perform WYSIWYG Primitive Resynthesis                                      ; Off                ; Off                ;
; Auto ROM Replacement                                                       ; On                 ; On                 ;
; Auto RAM Replacement                                                       ; On                 ; On                 ;
; Auto Shift Register Replacement                                            ; Auto               ; Auto               ;
; Allow Shift Register Merging across Hierarchies                            ; Auto               ; Auto               ;
; Auto Clock Enable Replacement                                              ; On                 ; On                 ;
; Strict RAM Replacement                                                     ; Off                ; Off                ;
; Allow Synchronous Control Signals                                          ; On                 ; On                 ;
; Force Use of Synchronous Clear Signals                                     ; Off                ; Off                ;
; Auto RAM to Logic Cell Conversion                                          ; Off                ; Off                ;
; Auto Resource Sharing                                                      ; Off                ; Off                ;
; Allow Any RAM Size For Recognition                                         ; Off                ; Off                ;
; Allow Any ROM Size For Recognition                                         ; Off                ; Off                ;
; Allow Any Shift Register Size For Recognition                              ; Off                ; Off                ;
; Use LogicLock Constraints during Resource Balancing                        ; On                 ; On                 ;
; Ignore translate_off and synthesis_off directives                          ; Off                ; Off                ;
; Timing-Driven Synthesis                                                    ; Off                ; Off                ;
; Report Parameter Settings                                                  ; On                 ; On                 ;
; Report Source Assignments                                                  ; On                 ; On                 ;
; Report Connectivity Checks                                                 ; On                 ; On                 ;
; Ignore Maximum Fan-Out Assignments                                         ; Off                ; Off                ;
; Synchronization Register Chain Length                                      ; 2                  ; 2                  ;
; PowerPlay Power Optimization                                               ; Normal compilation ; Normal compilation ;
; HDL message level                                                          ; Level2             ; Level2             ;
; Suppress Register Optimization Related Messages                            ; Off                ; Off                ;
; Number of Removed Registers Reported in Synthesis Report                   ; 5000               ; 5000               ;
; Number of Inverted Registers Reported in Synthesis Report                  ; 100                ; 100                ;
; Clock MUX Protection                                                       ; On                 ; On                 ;
; Auto Gated Clock Conversion                                                ; Off                ; Off                ;
; Block Design Naming                                                        ; Auto               ; Auto               ;
; SDC constraint protection                                                  ; Off                ; Off                ;
; Synthesis Effort                                                           ; Auto               ; Auto               ;
; Shift Register Replacement - Allow Asynchronous Clear Signal               ; On                 ; On                 ;
; Analysis & Synthesis Message Level                                         ; Medium             ; Medium             ;
; Disable Register Merging Across Hierarchies                                ; Auto               ; Auto               ;
; Resource Aware Inference For Block RAM                                     ; On                 ; On                 ;
; Synthesis Seed                                                             ; 1                  ; 1                  ;
+----------------------------------------------------------------------------+--------------------+--------------------+


Parallel compilation was disabled, but you have multiple processors available. Enable parallel compilation to reduce compilation time.
+-------------------------------------+
; Parallel Compilation                ;
+----------------------------+--------+
; Processors                 ; Number ;
+----------------------------+--------+
; Number detected on machine ; 4      ;
; Maximum allowed            ; 1      ;
+----------------------------+--------+


+-----------------------------------------------------------------------------------------------------------------------------------------------------------+
; Analysis & Synthesis Source Files Read                                                                                                                    ;
+----------------------------------+-----------------+------------------------------+-----------------------------------------------------------------------+
; File Name with User-Entered Path ; Used in Netlist ; File Type                    ; File Name with Absolute Path                                          ;
+----------------------------------+-----------------+------------------------------+-----------------------------------------------------------------------+
; vga_sync.v                       ; yes             ; User Verilog HDL File        ; C:/Users/tamara/Desktop/258_proj/vga_sync.v                           ;
; VGA_Audio_PLL.v                  ; yes             ; User Wizard-Generated File   ; C:/Users/tamara/Desktop/258_proj/VGA_Audio_PLL.v                      ;
; vgalab1.v                        ; yes             ; User Verilog HDL File        ; C:/Users/tamara/Desktop/258_proj/vgalab1.v                            ;
; reset_delay.v                    ; yes             ; User Verilog HDL File        ; C:/Users/tamara/Desktop/258_proj/reset_delay.v                        ;
; maze.v                           ; yes             ; User Verilog HDL File        ; C:/Users/tamara/Desktop/258_proj/maze.v                               ;
; altpll.tdf                       ; yes             ; Megafunction                 ; c:/altera/11.1sp2/quartus/libraries/megafunctions/altpll.tdf          ;
; aglobal111.inc                   ; yes             ; Megafunction                 ; c:/altera/11.1sp2/quartus/libraries/megafunctions/aglobal111.inc      ;
; stratix_pll.inc                  ; yes             ; Megafunction                 ; c:/altera/11.1sp2/quartus/libraries/megafunctions/stratix_pll.inc     ;
; stratixii_pll.inc                ; yes             ; Megafunction                 ; c:/altera/11.1sp2/quartus/libraries/megafunctions/stratixii_pll.inc   ;
; cycloneii_pll.inc                ; yes             ; Megafunction                 ; c:/altera/11.1sp2/quartus/libraries/megafunctions/cycloneii_pll.inc   ;
; lpm_divide.tdf                   ; yes             ; Megafunction                 ; c:/altera/11.1sp2/quartus/libraries/megafunctions/lpm_divide.tdf      ;
; abs_divider.inc                  ; yes             ; Megafunction                 ; c:/altera/11.1sp2/quartus/libraries/megafunctions/abs_divider.inc     ;
; sign_div_unsign.inc              ; yes             ; Megafunction                 ; c:/altera/11.1sp2/quartus/libraries/megafunctions/sign_div_unsign.inc ;
; db/lpm_divide_eem.tdf            ; yes             ; Auto-Generated Megafunction  ; C:/Users/tamara/Desktop/258_proj/db/lpm_divide_eem.tdf                ;
; db/sign_div_unsign_olh.tdf       ; yes             ; Auto-Generated Megafunction  ; C:/Users/tamara/Desktop/258_proj/db/sign_div_unsign_olh.tdf           ;
; db/alt_u_div_i2f.tdf             ; yes             ; Auto-Generated Megafunction  ; C:/Users/tamara/Desktop/258_proj/db/alt_u_div_i2f.tdf                 ;
; db/add_sub_lkc.tdf               ; yes             ; Auto-Generated Megafunction  ; C:/Users/tamara/Desktop/258_proj/db/add_sub_lkc.tdf                   ;
; db/add_sub_mkc.tdf               ; yes             ; Auto-Generated Megafunction  ; C:/Users/tamara/Desktop/258_proj/db/add_sub_mkc.tdf                   ;
; db/lpm_divide_aem.tdf            ; yes             ; Auto-Generated Megafunction  ; C:/Users/tamara/Desktop/258_proj/db/lpm_divide_aem.tdf                ;
; db/sign_div_unsign_klh.tdf       ; yes             ; Auto-Generated Megafunction  ; C:/Users/tamara/Desktop/258_proj/db/sign_div_unsign_klh.tdf           ;
; db/alt_u_div_a2f.tdf             ; yes             ; Auto-Generated Megafunction  ; C:/Users/tamara/Desktop/258_proj/db/alt_u_div_a2f.tdf                 ;
+----------------------------------+-----------------+------------------------------+-----------------------------------------------------------------------+


+----------------------------------------------------------------------+
; Analysis & Synthesis Resource Usage Summary                          ;
+---------------------------------------------+------------------------+
; Resource                                    ; Usage                  ;
+---------------------------------------------+------------------------+
; Estimated Total logic elements              ; 514                    ;
;                                             ;                        ;
; Total combinational functions               ; 514                    ;
; Logic element usage by number of LUT inputs ;                        ;
;     -- 4 input functions                    ; 130                    ;
;     -- 3 input functions                    ; 173                    ;
;     -- <=2 input functions                  ; 211                    ;
;                                             ;                        ;
; Logic elements by mode                      ;                        ;
;     -- normal mode                          ; 324                    ;
;     -- arithmetic mode                      ; 190                    ;
;                                             ;                        ;
; Total registers                             ; 43                     ;
;     -- Dedicated logic registers            ; 43                     ;
;     -- I/O registers                        ; 0                      ;
;                                             ;                        ;
; I/O pins                                    ; 215                    ;
; Total PLLs                                  ; 1                      ;
;     -- PLLs                                 ; 1                      ;
;                                             ;                        ;
; Maximum fan-out node                        ; vga_sync:u1|h_count[4] ;
; Maximum fan-out                             ; 24                     ;
; Total fan-out                               ; 1629                   ;
; Average fan-out                             ; 2.11                   ;
+---------------------------------------------+------------------------+


+------------------------------------------------------------------------------------------------------------------------------------------------------------------------------------------------------------------------------------------------------------------------------+
; Analysis & Synthesis Resource Utilization by Entity                                                                                                                                                                                                                          ;
+----------------------------------------+-------------------+--------------+-------------+--------------+---------+-----------+------+--------------+----------------------------------------------------------------------------------------------------------+--------------+
; Compilation Hierarchy Node             ; LC Combinationals ; LC Registers ; Memory Bits ; DSP Elements ; DSP 9x9 ; DSP 18x18 ; Pins ; Virtual Pins ; Full Hierarchy Name                                                                                      ; Library Name ;
+----------------------------------------+-------------------+--------------+-------------+--------------+---------+-----------+------+--------------+----------------------------------------------------------------------------------------------------------+--------------+
; |vgalab1                               ; 514 (13)          ; 43 (0)       ; 0           ; 0            ; 0       ; 0         ; 215  ; 0            ; |vgalab1                                                                                                 ;              ;
;    |Reset_Delay:r0|                    ; 28 (28)           ; 21 (21)      ; 0           ; 0            ; 0       ; 0         ; 0    ; 0            ; |vgalab1|Reset_Delay:r0                                                                                  ;              ;
;    |VGA_Audio_PLL:p1|                  ; 0 (0)             ; 0 (0)        ; 0           ; 0            ; 0       ; 0         ; 0    ; 0            ; |vgalab1|VGA_Audio_PLL:p1                                                                                ;              ;
;       |altpll:altpll_component|        ; 0 (0)             ; 0 (0)        ; 0           ; 0            ; 0       ; 0         ; 0    ; 0            ; |vgalab1|VGA_Audio_PLL:p1|altpll:altpll_component                                                        ;              ;
;    |lpm_divide:Div0|                   ; 87 (0)            ; 0 (0)        ; 0           ; 0            ; 0       ; 0         ; 0    ; 0            ; |vgalab1|lpm_divide:Div0                                                                                 ;              ;
;       |lpm_divide_aem:auto_generated|  ; 87 (0)            ; 0 (0)        ; 0           ; 0            ; 0       ; 0         ; 0    ; 0            ; |vgalab1|lpm_divide:Div0|lpm_divide_aem:auto_generated                                                   ;              ;
;          |sign_div_unsign_klh:divider| ; 87 (0)            ; 0 (0)        ; 0           ; 0            ; 0       ; 0         ; 0    ; 0            ; |vgalab1|lpm_divide:Div0|lpm_divide_aem:auto_generated|sign_div_unsign_klh:divider                       ;              ;
;             |alt_u_div_a2f:divider|    ; 87 (87)           ; 0 (0)        ; 0           ; 0            ; 0       ; 0         ; 0    ; 0            ; |vgalab1|lpm_divide:Div0|lpm_divide_aem:auto_generated|sign_div_unsign_klh:divider|alt_u_div_a2f:divider ;              ;
;    |lpm_divide:Div1|                   ; 115 (0)           ; 0 (0)        ; 0           ; 0            ; 0       ; 0         ; 0    ; 0            ; |vgalab1|lpm_divide:Div1                                                                                 ;              ;
;       |lpm_divide_eem:auto_generated|  ; 115 (0)           ; 0 (0)        ; 0           ; 0            ; 0       ; 0         ; 0    ; 0            ; |vgalab1|lpm_divide:Div1|lpm_divide_eem:auto_generated                                                   ;              ;
;          |sign_div_unsign_olh:divider| ; 115 (0)           ; 0 (0)        ; 0           ; 0            ; 0       ; 0         ; 0    ; 0            ; |vgalab1|lpm_divide:Div1|lpm_divide_eem:auto_generated|sign_div_unsign_olh:divider                       ;              ;
;             |alt_u_div_i2f:divider|    ; 115 (115)         ; 0 (0)        ; 0           ; 0            ; 0       ; 0         ; 0    ; 0            ; |vgalab1|lpm_divide:Div1|lpm_divide_eem:auto_generated|sign_div_unsign_olh:divider|alt_u_div_i2f:divider ;              ;
;    |maze:c1|                           ; 197 (197)         ; 0 (0)        ; 0           ; 0            ; 0       ; 0         ; 0    ; 0            ; |vgalab1|maze:c1                                                                                         ;              ;
;    |vga_sync:u1|                       ; 74 (74)           ; 22 (22)      ; 0           ; 0            ; 0       ; 0         ; 0    ; 0            ; |vgalab1|vga_sync:u1                                                                                     ;              ;
+----------------------------------------+-------------------+--------------+-------------+--------------+---------+-----------+------+--------------+----------------------------------------------------------------------------------------------------------+--------------+
Note: For table entries with two numbers listed, the numbers in parentheses indicate the number of resources of the given type used by the specific entity alone. The numbers listed outside of parentheses indicate the total resources of the given type used by the specific entity and all of its sub-entities in the hierarchy.


+----------------------------------------------------------------------------------------------------------------------------------------------+
; Analysis & Synthesis IP Cores Summary                                                                                                        ;
+--------+--------------+---------+--------------+--------------+---------------------------+--------------------------------------------------+
; Vendor ; IP Core Name ; Version ; Release Date ; License Type ; Entity Instance           ; IP Include File                                  ;
+--------+--------------+---------+--------------+--------------+---------------------------+--------------------------------------------------+
; Altera ; ALTPLL       ; N/A     ; N/A          ; N/A          ; |vgalab1|VGA_Audio_PLL:p1 ; C:/Users/tamara/Desktop/258_proj/VGA_Audio_PLL.v ;
+--------+--------------+---------+--------------+--------------+---------------------------+--------------------------------------------------+


+----------------------------------------------------------------------------------------------------+
; User-Specified and Inferred Latches                                                                ;
+-----------------------------------------------------+---------------------+------------------------+
; Latch Name                                          ; Latch Enable Signal ; Free of Timing Hazards ;
+-----------------------------------------------------+---------------------+------------------------+
; maze:c1|squarex1[9]                                 ; KEY[3]              ; yes                    ;
; maze:c1|squarex1[8]                                 ; KEY[3]              ; yes                    ;
; maze:c1|squarex1[7]                                 ; KEY[3]              ; yes                    ;
; maze:c1|squarex1[6]                                 ; KEY[3]              ; yes                    ;
; maze:c1|squarex1[5]                                 ; KEY[3]              ; yes                    ;
; maze:c1|squarex1[4]                                 ; KEY[3]              ; yes                    ;
; maze:c1|squarex1[3]                                 ; KEY[3]              ; yes                    ;
; maze:c1|squarex1[2]                                 ; KEY[3]              ; yes                    ;
; maze:c1|squarex1[1]                                 ; KEY[3]              ; yes                    ;
; maze:c1|squarex2[9]                                 ; KEY[3]              ; yes                    ;
; maze:c1|squarex2[8]                                 ; KEY[3]              ; yes                    ;
; maze:c1|squarex2[7]                                 ; KEY[3]              ; yes                    ;
; maze:c1|squarex2[6]                                 ; KEY[3]              ; yes                    ;
; maze:c1|squarex2[5]                                 ; KEY[3]              ; yes                    ;
; maze:c1|squarex2[4]                                 ; KEY[3]              ; yes                    ;
; maze:c1|squarex2[3]                                 ; KEY[3]              ; yes                    ;
; maze:c1|squarex2[2]                                 ; KEY[3]              ; yes                    ;
; maze:c1|squarex2[1]                                 ; KEY[3]              ; yes                    ;
; maze:c1|squarey2[9]                                 ; maze:c1|squarey2[8] ; yes                    ;
; maze:c1|squarey2[8]                                 ; maze:c1|squarey2[8] ; yes                    ;
; maze:c1|squarey2[7]                                 ; maze:c1|squarey2[8] ; yes                    ;
; maze:c1|squarey2[6]                                 ; maze:c1|squarey2[8] ; yes                    ;
; maze:c1|squarey2[5]                                 ; maze:c1|squarey2[8] ; yes                    ;
; maze:c1|squarey2[4]                                 ; maze:c1|squarey2[8] ; yes                    ;
; maze:c1|squarey2[3]                                 ; maze:c1|squarey2[8] ; yes                    ;
; maze:c1|squarey2[2]                                 ; maze:c1|squarey2[8] ; yes                    ;
; maze:c1|squarey2[1]                                 ; maze:c1|squarey2[8] ; yes                    ;
; maze:c1|squarey1[9]                                 ; maze:c1|squarey2[8] ; yes                    ;
; maze:c1|squarey1[8]                                 ; maze:c1|squarey2[8] ; yes                    ;
; maze:c1|squarey1[7]                                 ; maze:c1|squarey2[8] ; yes                    ;
; maze:c1|squarey1[6]                                 ; maze:c1|squarey2[8] ; yes                    ;
; maze:c1|squarey1[5]                                 ; maze:c1|squarey2[8] ; yes                    ;
; maze:c1|squarey1[4]                                 ; maze:c1|squarey2[8] ; yes                    ;
; maze:c1|squarey1[3]                                 ; maze:c1|squarey2[8] ; yes                    ;
; maze:c1|squarey1[2]                                 ; maze:c1|squarey2[8] ; yes                    ;
; maze:c1|squarey1[1]                                 ; maze:c1|squarey2[8] ; yes                    ;
; Number of user-specified and inferred latches = 36  ;                     ;                        ;
+-----------------------------------------------------+---------------------+------------------------+
Note: All latches listed above may not be present at the end of synthesis due to various synthesis optimizations.


+------------------------------------------------------+
; General Register Statistics                          ;
+----------------------------------------------+-------+
; Statistic                                    ; Value ;
+----------------------------------------------+-------+
; Total registers                              ; 43    ;
; Number of registers using Synchronous Clear  ; 20    ;
; Number of registers using Synchronous Load   ; 0     ;
; Number of registers using Asynchronous Clear ; 22    ;
; Number of registers using Asynchronous Load  ; 0     ;
; Number of registers using Clock Enable       ; 29    ;
; Number of registers using Preset             ; 0     ;
+----------------------------------------------+-------+


+-------------------------------------------------------------------------------------------------------------------------------------------------------------+
; Multiplexer Restructuring Statistics (Restructuring Performed)                                                                                              ;
+--------------------+-----------+---------------+----------------------+------------------------+-------------------------------+----------------------------+
; Multiplexer Inputs ; Bus Width ; Baseline Area ; Area if Restructured ; Saving if Restructured ; Registered                    ; Example Multiplexer Output ;
+--------------------+-----------+---------------+----------------------+------------------------+-------------------------------+----------------------------+
; 3:1                ; 8 bits    ; 16 LEs        ; 16 LEs               ; 0 LEs                  ; |vgalab1|vga_sync:u1|VGA_R[7] ;                            ;
; 3:1                ; 14 bits   ; 28 LEs        ; 28 LEs               ; 0 LEs                  ; |vgalab1|vga_sync:u1|VGA_R[4] ;                            ;
+--------------------+-----------+---------------+----------------------+------------------------+-------------------------------+----------------------------+


+---------------------------------------------------------------------------------------+
; Parameter Settings for User Entity Instance: VGA_Audio_PLL:p1|altpll:altpll_component ;
+-------------------------------+-------------------+-----------------------------------+
; Parameter Name                ; Value             ; Type                              ;
+-------------------------------+-------------------+-----------------------------------+
; OPERATION_MODE                ; NORMAL            ; Untyped                           ;
; PLL_TYPE                      ; AUTO              ; Untyped                           ;
; LPM_HINT                      ; UNUSED            ; Untyped                           ;
; QUALIFY_CONF_DONE             ; OFF               ; Untyped                           ;
; COMPENSATE_CLOCK              ; CLK0              ; Untyped                           ;
; SCAN_CHAIN                    ; LONG              ; Untyped                           ;
; PRIMARY_CLOCK                 ; INCLK0            ; Untyped                           ;
; INCLK0_INPUT_FREQUENCY        ; 37037             ; Signed Integer                    ;
; INCLK1_INPUT_FREQUENCY        ; 0                 ; Untyped                           ;
; GATE_LOCK_SIGNAL              ; NO                ; Untyped                           ;
; GATE_LOCK_COUNTER             ; 0                 ; Untyped                           ;
; LOCK_HIGH                     ; 1                 ; Untyped                           ;
; LOCK_LOW                      ; 1                 ; Untyped                           ;
; VALID_LOCK_MULTIPLIER         ; 1                 ; Untyped                           ;
; INVALID_LOCK_MULTIPLIER       ; 5                 ; Untyped                           ;
; SWITCH_OVER_ON_LOSSCLK        ; OFF               ; Untyped                           ;
; SWITCH_OVER_ON_GATED_LOCK     ; OFF               ; Untyped                           ;
; ENABLE_SWITCH_OVER_COUNTER    ; OFF               ; Untyped                           ;
; SKIP_VCO                      ; OFF               ; Untyped                           ;
; SWITCH_OVER_COUNTER           ; 0                 ; Untyped                           ;
; SWITCH_OVER_TYPE              ; AUTO              ; Untyped                           ;
; FEEDBACK_SOURCE               ; EXTCLK0           ; Untyped                           ;
; BANDWIDTH                     ; 0                 ; Untyped                           ;
; BANDWIDTH_TYPE                ; AUTO              ; Untyped                           ;
; SPREAD_FREQUENCY              ; 0                 ; Untyped                           ;
; DOWN_SPREAD                   ; 0                 ; Untyped                           ;
; SELF_RESET_ON_GATED_LOSS_LOCK ; OFF               ; Untyped                           ;
; SELF_RESET_ON_LOSS_LOCK       ; OFF               ; Untyped                           ;
; CLK9_MULTIPLY_BY              ; 0                 ; Untyped                           ;
; CLK8_MULTIPLY_BY              ; 0                 ; Untyped                           ;
; CLK7_MULTIPLY_BY              ; 0                 ; Untyped                           ;
; CLK6_MULTIPLY_BY              ; 0                 ; Untyped                           ;
; CLK5_MULTIPLY_BY              ; 1                 ; Untyped                           ;
; CLK4_MULTIPLY_BY              ; 1                 ; Untyped                           ;
; CLK3_MULTIPLY_BY              ; 1                 ; Untyped                           ;
; CLK2_MULTIPLY_BY              ; 14                ; Signed Integer                    ;
; CLK1_MULTIPLY_BY              ; 2                 ; Signed Integer                    ;
; CLK0_MULTIPLY_BY              ; 14                ; Signed Integer                    ;
; CLK9_DIVIDE_BY                ; 0                 ; Untyped                           ;
; CLK8_DIVIDE_BY                ; 0                 ; Untyped                           ;
; CLK7_DIVIDE_BY                ; 0                 ; Untyped                           ;
; CLK6_DIVIDE_BY                ; 0                 ; Untyped                           ;
; CLK5_DIVIDE_BY                ; 1                 ; Untyped                           ;
; CLK4_DIVIDE_BY                ; 1                 ; Untyped                           ;
; CLK3_DIVIDE_BY                ; 1                 ; Untyped                           ;
; CLK2_DIVIDE_BY                ; 15                ; Signed Integer                    ;
; CLK1_DIVIDE_BY                ; 3                 ; Signed Integer                    ;
; CLK0_DIVIDE_BY                ; 15                ; Signed Integer                    ;
; CLK9_PHASE_SHIFT              ; 0                 ; Untyped                           ;
; CLK8_PHASE_SHIFT              ; 0                 ; Untyped                           ;
; CLK7_PHASE_SHIFT              ; 0                 ; Untyped                           ;
; CLK6_PHASE_SHIFT              ; 0                 ; Untyped                           ;
; CLK5_PHASE_SHIFT              ; 0                 ; Untyped                           ;
; CLK4_PHASE_SHIFT              ; 0                 ; Untyped                           ;
; CLK3_PHASE_SHIFT              ; 0                 ; Untyped                           ;
; CLK2_PHASE_SHIFT              ; -9921             ; Untyped                           ;
; CLK1_PHASE_SHIFT              ; 0                 ; Untyped                           ;
; CLK0_PHASE_SHIFT              ; 0                 ; Untyped                           ;
; CLK5_TIME_DELAY               ; 0                 ; Untyped                           ;
; CLK4_TIME_DELAY               ; 0                 ; Untyped                           ;
; CLK3_TIME_DELAY               ; 0                 ; Untyped                           ;
; CLK2_TIME_DELAY               ; 0                 ; Untyped                           ;
; CLK1_TIME_DELAY               ; 0                 ; Untyped                           ;
; CLK0_TIME_DELAY               ; 0                 ; Untyped                           ;
; CLK9_DUTY_CYCLE               ; 50                ; Untyped                           ;
; CLK8_DUTY_CYCLE               ; 50                ; Untyped                           ;
; CLK7_DUTY_CYCLE               ; 50                ; Untyped                           ;
; CLK6_DUTY_CYCLE               ; 50                ; Untyped                           ;
; CLK5_DUTY_CYCLE               ; 50                ; Untyped                           ;
; CLK4_DUTY_CYCLE               ; 50                ; Untyped                           ;
; CLK3_DUTY_CYCLE               ; 50                ; Untyped                           ;
; CLK2_DUTY_CYCLE               ; 50                ; Signed Integer                    ;
; CLK1_DUTY_CYCLE               ; 50                ; Signed Integer                    ;
; CLK0_DUTY_CYCLE               ; 50                ; Signed Integer                    ;
; CLK9_USE_EVEN_COUNTER_MODE    ; OFF               ; Untyped                           ;
; CLK8_USE_EVEN_COUNTER_MODE    ; OFF               ; Untyped                           ;
; CLK7_USE_EVEN_COUNTER_MODE    ; OFF               ; Untyped                           ;
; CLK6_USE_EVEN_COUNTER_MODE    ; OFF               ; Untyped                           ;
; CLK5_USE_EVEN_COUNTER_MODE    ; OFF               ; Untyped                           ;
; CLK4_USE_EVEN_COUNTER_MODE    ; OFF               ; Untyped                           ;
; CLK3_USE_EVEN_COUNTER_MODE    ; OFF               ; Untyped                           ;
; CLK2_USE_EVEN_COUNTER_MODE    ; OFF               ; Untyped                           ;
; CLK1_USE_EVEN_COUNTER_MODE    ; OFF               ; Untyped                           ;
; CLK0_USE_EVEN_COUNTER_MODE    ; OFF               ; Untyped                           ;
; CLK9_USE_EVEN_COUNTER_VALUE   ; OFF               ; Untyped                           ;
; CLK8_USE_EVEN_COUNTER_VALUE   ; OFF               ; Untyped                           ;
; CLK7_USE_EVEN_COUNTER_VALUE   ; OFF               ; Untyped                           ;
; CLK6_USE_EVEN_COUNTER_VALUE   ; OFF               ; Untyped                           ;
; CLK5_USE_EVEN_COUNTER_VALUE   ; OFF               ; Untyped                           ;
; CLK4_USE_EVEN_COUNTER_VALUE   ; OFF               ; Untyped                           ;
; CLK3_USE_EVEN_COUNTER_VALUE   ; OFF               ; Untyped                           ;
; CLK2_USE_EVEN_COUNTER_VALUE   ; OFF               ; Untyped                           ;
; CLK1_USE_EVEN_COUNTER_VALUE   ; OFF               ; Untyped                           ;
; CLK0_USE_EVEN_COUNTER_VALUE   ; OFF               ; Untyped                           ;
; LOCK_WINDOW_UI                ;  0.05             ; Untyped                           ;
; LOCK_WINDOW_UI_BITS           ; UNUSED            ; Untyped                           ;
; VCO_RANGE_DETECTOR_LOW_BITS   ; UNUSED            ; Untyped                           ;
; VCO_RANGE_DETECTOR_HIGH_BITS  ; UNUSED            ; Untyped                           ;
; DPA_MULTIPLY_BY               ; 0                 ; Untyped                           ;
; DPA_DIVIDE_BY                 ; 1                 ; Untyped                           ;
; DPA_DIVIDER                   ; 0                 ; Untyped                           ;
; EXTCLK3_MULTIPLY_BY           ; 1                 ; Untyped                           ;
; EXTCLK2_MULTIPLY_BY           ; 1                 ; Untyped                           ;
; EXTCLK1_MULTIPLY_BY           ; 1                 ; Untyped                           ;
; EXTCLK0_MULTIPLY_BY           ; 1                 ; Untyped                           ;
; EXTCLK3_DIVIDE_BY             ; 1                 ; Untyped                           ;
; EXTCLK2_DIVIDE_BY             ; 1                 ; Untyped                           ;
; EXTCLK1_DIVIDE_BY             ; 1                 ; Untyped                           ;
; EXTCLK0_DIVIDE_BY             ; 1                 ; Untyped                           ;
; EXTCLK3_PHASE_SHIFT           ; 0                 ; Untyped                           ;
; EXTCLK2_PHASE_SHIFT           ; 0                 ; Untyped                           ;
; EXTCLK1_PHASE_SHIFT           ; 0                 ; Untyped                           ;
; EXTCLK0_PHASE_SHIFT           ; 0                 ; Untyped                           ;
; EXTCLK3_TIME_DELAY            ; 0                 ; Untyped                           ;
; EXTCLK2_TIME_DELAY            ; 0                 ; Untyped                           ;
; EXTCLK1_TIME_DELAY            ; 0                 ; Untyped                           ;
; EXTCLK0_TIME_DELAY            ; 0                 ; Untyped                           ;
; EXTCLK3_DUTY_CYCLE            ; 50                ; Untyped                           ;
; EXTCLK2_DUTY_CYCLE            ; 50                ; Untyped                           ;
; EXTCLK1_DUTY_CYCLE            ; 50                ; Untyped                           ;
; EXTCLK0_DUTY_CYCLE            ; 50                ; Untyped                           ;
; VCO_MULTIPLY_BY               ; 0                 ; Untyped                           ;
; VCO_DIVIDE_BY                 ; 0                 ; Untyped                           ;
; SCLKOUT0_PHASE_SHIFT          ; 0                 ; Untyped                           ;
; SCLKOUT1_PHASE_SHIFT          ; 0                 ; Untyped                           ;
; VCO_MIN                       ; 0                 ; Untyped                           ;
; VCO_MAX                       ; 0                 ; Untyped                           ;
; VCO_CENTER                    ; 0                 ; Untyped                           ;
; PFD_MIN                       ; 0                 ; Untyped                           ;
; PFD_MAX                       ; 0                 ; Untyped                           ;
; M_INITIAL                     ; 0                 ; Untyped                           ;
; M                             ; 0                 ; Untyped                           ;
; N                             ; 1                 ; Untyped                           ;
; M2                            ; 1                 ; Untyped                           ;
; N2                            ; 1                 ; Untyped                           ;
; SS                            ; 1                 ; Untyped                           ;
; C0_HIGH                       ; 0                 ; Untyped                           ;
; C1_HIGH                       ; 0                 ; Untyped                           ;
; C2_HIGH                       ; 0                 ; Untyped                           ;
; C3_HIGH                       ; 0                 ; Untyped                           ;
; C4_HIGH                       ; 0                 ; Untyped                           ;
; C5_HIGH                       ; 0                 ; Untyped                           ;
; C6_HIGH                       ; 0                 ; Untyped                           ;
; C7_HIGH                       ; 0                 ; Untyped                           ;
; C8_HIGH                       ; 0                 ; Untyped                           ;
; C9_HIGH                       ; 0                 ; Untyped                           ;
; C0_LOW                        ; 0                 ; Untyped                           ;
; C1_LOW                        ; 0                 ; Untyped                           ;
; C2_LOW                        ; 0                 ; Untyped                           ;
; C3_LOW                        ; 0                 ; Untyped                           ;
; C4_LOW                        ; 0                 ; Untyped                           ;
; C5_LOW                        ; 0                 ; Untyped                           ;
; C6_LOW                        ; 0                 ; Untyped                           ;
; C7_LOW                        ; 0                 ; Untyped                           ;
; C8_LOW                        ; 0                 ; Untyped                           ;
; C9_LOW                        ; 0                 ; Untyped                           ;
; C0_INITIAL                    ; 0                 ; Untyped                           ;
; C1_INITIAL                    ; 0                 ; Untyped                           ;
; C2_INITIAL                    ; 0                 ; Untyped                           ;
; C3_INITIAL                    ; 0                 ; Untyped                           ;
; C4_INITIAL                    ; 0                 ; Untyped                           ;
; C5_INITIAL                    ; 0                 ; Untyped                           ;
; C6_INITIAL                    ; 0                 ; Untyped                           ;
; C7_INITIAL                    ; 0                 ; Untyped                           ;
; C8_INITIAL                    ; 0                 ; Untyped                           ;
; C9_INITIAL                    ; 0                 ; Untyped                           ;
; C0_MODE                       ; BYPASS            ; Untyped                           ;
; C1_MODE                       ; BYPASS            ; Untyped                           ;
; C2_MODE                       ; BYPASS            ; Untyped                           ;
; C3_MODE                       ; BYPASS            ; Untyped                           ;
; C4_MODE                       ; BYPASS            ; Untyped                           ;
; C5_MODE                       ; BYPASS            ; Untyped                           ;
; C6_MODE                       ; BYPASS            ; Untyped                           ;
; C7_MODE                       ; BYPASS            ; Untyped                           ;
; C8_MODE                       ; BYPASS            ; Untyped                           ;
; C9_MODE                       ; BYPASS            ; Untyped                           ;
; C0_PH                         ; 0                 ; Untyped                           ;
; C1_PH                         ; 0                 ; Untyped                           ;
; C2_PH                         ; 0                 ; Untyped                           ;
; C3_PH                         ; 0                 ; Untyped                           ;
; C4_PH                         ; 0                 ; Untyped                           ;
; C5_PH                         ; 0                 ; Untyped                           ;
; C6_PH                         ; 0                 ; Untyped                           ;
; C7_PH                         ; 0                 ; Untyped                           ;
; C8_PH                         ; 0                 ; Untyped                           ;
; C9_PH                         ; 0                 ; Untyped                           ;
; L0_HIGH                       ; 1                 ; Untyped                           ;
; L1_HIGH                       ; 1                 ; Untyped                           ;
; G0_HIGH                       ; 1                 ; Untyped                           ;
; G1_HIGH                       ; 1                 ; Untyped                           ;
; G2_HIGH                       ; 1                 ; Untyped                           ;
; G3_HIGH                       ; 1                 ; Untyped                           ;
; E0_HIGH                       ; 1                 ; Untyped                           ;
; E1_HIGH                       ; 1                 ; Untyped                           ;
; E2_HIGH                       ; 1                 ; Untyped                           ;
; E3_HIGH                       ; 1                 ; Untyped                           ;
; L0_LOW                        ; 1                 ; Untyped                           ;
; L1_LOW                        ; 1                 ; Untyped                           ;
; G0_LOW                        ; 1                 ; Untyped                           ;
; G1_LOW                        ; 1                 ; Untyped                           ;
; G2_LOW                        ; 1                 ; Untyped                           ;
; G3_LOW                        ; 1                 ; Untyped                           ;
; E0_LOW                        ; 1                 ; Untyped                           ;
; E1_LOW                        ; 1                 ; Untyped                           ;
; E2_LOW                        ; 1                 ; Untyped                           ;
; E3_LOW                        ; 1                 ; Untyped                           ;
; L0_INITIAL                    ; 1                 ; Untyped                           ;
; L1_INITIAL                    ; 1                 ; Untyped                           ;
; G0_INITIAL                    ; 1                 ; Untyped                           ;
; G1_INITIAL                    ; 1                 ; Untyped                           ;
; G2_INITIAL                    ; 1                 ; Untyped                           ;
; G3_INITIAL                    ; 1                 ; Untyped                           ;
; E0_INITIAL                    ; 1                 ; Untyped                           ;
; E1_INITIAL                    ; 1                 ; Untyped                           ;
; E2_INITIAL                    ; 1                 ; Untyped                           ;
; E3_INITIAL                    ; 1                 ; Untyped                           ;
; L0_MODE                       ; BYPASS            ; Untyped                           ;
; L1_MODE                       ; BYPASS            ; Untyped                           ;
; G0_MODE                       ; BYPASS            ; Untyped                           ;
; G1_MODE                       ; BYPASS            ; Untyped                           ;
; G2_MODE                       ; BYPASS            ; Untyped                           ;
; G3_MODE                       ; BYPASS            ; Untyped                           ;
; E0_MODE                       ; BYPASS            ; Untyped                           ;
; E1_MODE                       ; BYPASS            ; Untyped                           ;
; E2_MODE                       ; BYPASS            ; Untyped                           ;
; E3_MODE                       ; BYPASS            ; Untyped                           ;
; L0_PH                         ; 0                 ; Untyped                           ;
; L1_PH                         ; 0                 ; Untyped                           ;
; G0_PH                         ; 0                 ; Untyped                           ;
; G1_PH                         ; 0                 ; Untyped                           ;
; G2_PH                         ; 0                 ; Untyped                           ;
; G3_PH                         ; 0                 ; Untyped                           ;
; E0_PH                         ; 0                 ; Untyped                           ;
; E1_PH                         ; 0                 ; Untyped                           ;
; E2_PH                         ; 0                 ; Untyped                           ;
; E3_PH                         ; 0                 ; Untyped                           ;
; M_PH                          ; 0                 ; Untyped                           ;
; C1_USE_CASC_IN                ; OFF               ; Untyped                           ;
; C2_USE_CASC_IN                ; OFF               ; Untyped                           ;
; C3_USE_CASC_IN                ; OFF               ; Untyped                           ;
; C4_USE_CASC_IN                ; OFF               ; Untyped                           ;
; C5_USE_CASC_IN                ; OFF               ; Untyped                           ;
; C6_USE_CASC_IN                ; OFF               ; Untyped                           ;
; C7_USE_CASC_IN                ; OFF               ; Untyped                           ;
; C8_USE_CASC_IN                ; OFF               ; Untyped                           ;
; C9_USE_CASC_IN                ; OFF               ; Untyped                           ;
; CLK0_COUNTER                  ; G0                ; Untyped                           ;
; CLK1_COUNTER                  ; G0                ; Untyped                           ;
; CLK2_COUNTER                  ; G0                ; Untyped                           ;
; CLK3_COUNTER                  ; G0                ; Untyped                           ;
; CLK4_COUNTER                  ; G0                ; Untyped                           ;
; CLK5_COUNTER                  ; G0                ; Untyped                           ;
; CLK6_COUNTER                  ; E0                ; Untyped                           ;
; CLK7_COUNTER                  ; E1                ; Untyped                           ;
; CLK8_COUNTER                  ; E2                ; Untyped                           ;
; CLK9_COUNTER                  ; E3                ; Untyped                           ;
; L0_TIME_DELAY                 ; 0                 ; Untyped                           ;
; L1_TIME_DELAY                 ; 0                 ; Untyped                           ;
; G0_TIME_DELAY                 ; 0                 ; Untyped                           ;
; G1_TIME_DELAY                 ; 0                 ; Untyped                           ;
; G2_TIME_DELAY                 ; 0                 ; Untyped                           ;
; G3_TIME_DELAY                 ; 0                 ; Untyped                           ;
; E0_TIME_DELAY                 ; 0                 ; Untyped                           ;
; E1_TIME_DELAY                 ; 0                 ; Untyped                           ;
; E2_TIME_DELAY                 ; 0                 ; Untyped                           ;
; E3_TIME_DELAY                 ; 0                 ; Untyped                           ;
; M_TIME_DELAY                  ; 0                 ; Untyped                           ;
; N_TIME_DELAY                  ; 0                 ; Untyped                           ;
; EXTCLK3_COUNTER               ; E3                ; Untyped                           ;
; EXTCLK2_COUNTER               ; E2                ; Untyped                           ;
; EXTCLK1_COUNTER               ; E1                ; Untyped                           ;
; EXTCLK0_COUNTER               ; E0                ; Untyped                           ;
; ENABLE0_COUNTER               ; L0                ; Untyped                           ;
; ENABLE1_COUNTER               ; L0                ; Untyped                           ;
; CHARGE_PUMP_CURRENT           ; 2                 ; Untyped                           ;
; LOOP_FILTER_R                 ;  1.000000         ; Untyped                           ;
; LOOP_FILTER_C                 ; 5                 ; Untyped                           ;
; CHARGE_PUMP_CURRENT_BITS      ; 9999              ; Untyped                           ;
; LOOP_FILTER_R_BITS            ; 9999              ; Untyped                           ;
; LOOP_FILTER_C_BITS            ; 9999              ; Untyped                           ;
; VCO_POST_SCALE                ; 0                 ; Untyped                           ;
; CLK2_OUTPUT_FREQUENCY         ; 0                 ; Untyped                           ;
; CLK1_OUTPUT_FREQUENCY         ; 0                 ; Untyped                           ;
; CLK0_OUTPUT_FREQUENCY         ; 0                 ; Untyped                           ;
; INTENDED_DEVICE_FAMILY        ; Cyclone II        ; Untyped                           ;
; PORT_CLKENA0                  ; PORT_UNUSED       ; Untyped                           ;
; PORT_CLKENA1                  ; PORT_UNUSED       ; Untyped                           ;
; PORT_CLKENA2                  ; PORT_UNUSED       ; Untyped                           ;
; PORT_CLKENA3                  ; PORT_UNUSED       ; Untyped                           ;
; PORT_CLKENA4                  ; PORT_UNUSED       ; Untyped                           ;
; PORT_CLKENA5                  ; PORT_UNUSED       ; Untyped                           ;
; PORT_EXTCLKENA0               ; PORT_CONNECTIVITY ; Untyped                           ;
; PORT_EXTCLKENA1               ; PORT_CONNECTIVITY ; Untyped                           ;
; PORT_EXTCLKENA2               ; PORT_CONNECTIVITY ; Untyped                           ;
; PORT_EXTCLKENA3               ; PORT_CONNECTIVITY ; Untyped                           ;
; PORT_EXTCLK0                  ; PORT_UNUSED       ; Untyped                           ;
; PORT_EXTCLK1                  ; PORT_UNUSED       ; Untyped                           ;
; PORT_EXTCLK2                  ; PORT_UNUSED       ; Untyped                           ;
; PORT_EXTCLK3                  ; PORT_UNUSED       ; Untyped                           ;
; PORT_CLKBAD0                  ; PORT_UNUSED       ; Untyped                           ;
; PORT_CLKBAD1                  ; PORT_UNUSED       ; Untyped                           ;
; PORT_CLK0                     ; PORT_USED         ; Untyped                           ;
; PORT_CLK1                     ; PORT_USED         ; Untyped                           ;
; PORT_CLK2                     ; PORT_USED         ; Untyped                           ;
; PORT_CLK3                     ; PORT_UNUSED       ; Untyped                           ;
; PORT_CLK4                     ; PORT_UNUSED       ; Untyped                           ;
; PORT_CLK5                     ; PORT_UNUSED       ; Untyped                           ;
; PORT_CLK6                     ; PORT_UNUSED       ; Untyped                           ;
; PORT_CLK7                     ; PORT_UNUSED       ; Untyped                           ;
; PORT_CLK8                     ; PORT_UNUSED       ; Untyped                           ;
; PORT_CLK9                     ; PORT_UNUSED       ; Untyped                           ;
; PORT_SCANDATA                 ; PORT_UNUSED       ; Untyped                           ;
; PORT_SCANDATAOUT              ; PORT_UNUSED       ; Untyped                           ;
; PORT_SCANDONE                 ; PORT_UNUSED       ; Untyped                           ;
; PORT_SCLKOUT1                 ; PORT_CONNECTIVITY ; Untyped                           ;
; PORT_SCLKOUT0                 ; PORT_CONNECTIVITY ; Untyped                           ;
; PORT_ACTIVECLOCK              ; PORT_UNUSED       ; Untyped                           ;
; PORT_CLKLOSS                  ; PORT_UNUSED       ; Untyped                           ;
; PORT_INCLK1                   ; PORT_UNUSED       ; Untyped                           ;
; PORT_INCLK0                   ; PORT_USED         ; Untyped                           ;
; PORT_FBIN                     ; PORT_UNUSED       ; Untyped                           ;
; PORT_PLLENA                   ; PORT_UNUSED       ; Untyped                           ;
; PORT_CLKSWITCH                ; PORT_UNUSED       ; Untyped                           ;
; PORT_ARESET                   ; PORT_USED         ; Untyped                           ;
; PORT_PFDENA                   ; PORT_UNUSED       ; Untyped                           ;
; PORT_SCANCLK                  ; PORT_UNUSED       ; Untyped                           ;
; PORT_SCANACLR                 ; PORT_UNUSED       ; Untyped                           ;
; PORT_SCANREAD                 ; PORT_UNUSED       ; Untyped                           ;
; PORT_SCANWRITE                ; PORT_UNUSED       ; Untyped                           ;
; PORT_ENABLE0                  ; PORT_CONNECTIVITY ; Untyped                           ;
; PORT_ENABLE1                  ; PORT_CONNECTIVITY ; Untyped                           ;
; PORT_LOCKED                   ; PORT_UNUSED       ; Untyped                           ;
; PORT_CONFIGUPDATE             ; PORT_UNUSED       ; Untyped                           ;
; PORT_FBOUT                    ; PORT_CONNECTIVITY ; Untyped                           ;
; PORT_PHASEDONE                ; PORT_UNUSED       ; Untyped                           ;
; PORT_PHASESTEP                ; PORT_UNUSED       ; Untyped                           ;
; PORT_PHASEUPDOWN              ; PORT_UNUSED       ; Untyped                           ;
; PORT_SCANCLKENA               ; PORT_UNUSED       ; Untyped                           ;
; PORT_PHASECOUNTERSELECT       ; PORT_UNUSED       ; Untyped                           ;
; PORT_VCOOVERRANGE             ; PORT_CONNECTIVITY ; Untyped                           ;
; PORT_VCOUNDERRANGE            ; PORT_CONNECTIVITY ; Untyped                           ;
; M_TEST_SOURCE                 ; 5                 ; Untyped                           ;
; C0_TEST_SOURCE                ; 5                 ; Untyped                           ;
; C1_TEST_SOURCE                ; 5                 ; Untyped                           ;
; C2_TEST_SOURCE                ; 5                 ; Untyped                           ;
; C3_TEST_SOURCE                ; 5                 ; Untyped                           ;
; C4_TEST_SOURCE                ; 5                 ; Untyped                           ;
; C5_TEST_SOURCE                ; 5                 ; Untyped                           ;
; C6_TEST_SOURCE                ; 5                 ; Untyped                           ;
; C7_TEST_SOURCE                ; 5                 ; Untyped                           ;
; C8_TEST_SOURCE                ; 5                 ; Untyped                           ;
; C9_TEST_SOURCE                ; 5                 ; Untyped                           ;
; CBXI_PARAMETER                ; NOTHING           ; Untyped                           ;
; VCO_FREQUENCY_CONTROL         ; AUTO              ; Untyped                           ;
; VCO_PHASE_SHIFT_STEP          ; 0                 ; Untyped                           ;
; WIDTH_CLOCK                   ; 6                 ; Untyped                           ;
; WIDTH_PHASECOUNTERSELECT      ; 4                 ; Untyped                           ;
; USING_FBMIMICBIDIR_PORT       ; OFF               ; Untyped                           ;
; DEVICE_FAMILY                 ; Cyclone II        ; Untyped                           ;
; SCAN_CHAIN_MIF_FILE           ; UNUSED            ; Untyped                           ;
; SIM_GATE_LOCK_DEVICE_BEHAVIOR ; OFF               ; Untyped                           ;
; AUTO_CARRY_CHAINS             ; ON                ; AUTO_CARRY                        ;
; IGNORE_CARRY_BUFFERS          ; OFF               ; IGNORE_CARRY                      ;
; AUTO_CASCADE_CHAINS           ; ON                ; AUTO_CASCADE                      ;
; IGNORE_CASCADE_BUFFERS        ; OFF               ; IGNORE_CASCADE                    ;
+-------------------------------+-------------------+-----------------------------------+
Note: In order to hide this table in the UI and the text report file, please set the "Show Parameter Settings in Synthesis Report" option in "Analysis and Synthesis Settings -> More Settings" to "Off".


+----------------------------------------------------------+
; Parameter Settings for User Entity Instance: vga_sync:u1 ;
+----------------+-------+---------------------------------+
; Parameter Name ; Value ; Type                            ;
+----------------+-------+---------------------------------+
; H_SYNC_TOTAL   ; 800   ; Signed Integer                  ;
; H_PIXELS       ; 640   ; Signed Integer                  ;
; H_SYNC_START   ; 659   ; Signed Integer                  ;
; H_SYNC_WIDTH   ; 96    ; Signed Integer                  ;
; V_SYNC_TOTAL   ; 525   ; Signed Integer                  ;
; V_PIXELS       ; 480   ; Signed Integer                  ;
; V_SYNC_START   ; 493   ; Signed Integer                  ;
; V_SYNC_WIDTH   ; 2     ; Signed Integer                  ;
; H_START        ; 699   ; Signed Integer                  ;
+----------------+-------+---------------------------------+
Note: In order to hide this table in the UI and the text report file, please set the "Show Parameter Settings in Synthesis Report" option in "Analysis and Synthesis Settings -> More Settings" to "Off".


+------------------------------------------------------------------+
; Parameter Settings for Inferred Entity Instance: lpm_divide:Div1 ;
+------------------------+----------------+------------------------+
; Parameter Name         ; Value          ; Type                   ;
+------------------------+----------------+------------------------+
; LPM_WIDTHN             ; 32             ; Untyped                ;
; LPM_WIDTHD             ; 4              ; Untyped                ;
; LPM_NREPRESENTATION    ; UNSIGNED       ; Untyped                ;
; LPM_DREPRESENTATION    ; UNSIGNED       ; Untyped                ;
; LPM_PIPELINE           ; 0              ; Untyped                ;
; LPM_REMAINDERPOSITIVE  ; TRUE           ; Untyped                ;
; MAXIMIZE_SPEED         ; 5              ; Untyped                ;
; CBXI_PARAMETER         ; lpm_divide_eem ; Untyped                ;
; CARRY_CHAIN            ; MANUAL         ; Untyped                ;
; OPTIMIZE_FOR_SPEED     ; 5              ; Untyped                ;
; AUTO_CARRY_CHAINS      ; ON             ; AUTO_CARRY             ;
; IGNORE_CARRY_BUFFERS   ; OFF            ; IGNORE_CARRY           ;
; AUTO_CASCADE_CHAINS    ; ON             ; AUTO_CASCADE           ;
; IGNORE_CASCADE_BUFFERS ; OFF            ; IGNORE_CASCADE         ;
+------------------------+----------------+------------------------+
Note: In order to hide this table in the UI and the text report file, please set the "Show Parameter Settings in Synthesis Report" option in "Analysis and Synthesis Settings -> More Settings" to "Off".


+------------------------------------------------------------------+
; Parameter Settings for Inferred Entity Instance: lpm_divide:Div0 ;
+------------------------+----------------+------------------------+
; Parameter Name         ; Value          ; Type                   ;
+------------------------+----------------+------------------------+
; LPM_WIDTHN             ; 10             ; Untyped                ;
; LPM_WIDTHD             ; 4              ; Untyped                ;
; LPM_NREPRESENTATION    ; UNSIGNED       ; Untyped                ;
; LPM_DREPRESENTATION    ; UNSIGNED       ; Untyped                ;
; LPM_PIPELINE           ; 0              ; Untyped                ;
; LPM_REMAINDERPOSITIVE  ; TRUE           ; Untyped                ;
; MAXIMIZE_SPEED         ; 5              ; Untyped                ;
; CBXI_PARAMETER         ; lpm_divide_aem ; Untyped                ;
; CARRY_CHAIN            ; MANUAL         ; Untyped                ;
; OPTIMIZE_FOR_SPEED     ; 5              ; Untyped                ;
; AUTO_CARRY_CHAINS      ; ON             ; AUTO_CARRY             ;
; IGNORE_CARRY_BUFFERS   ; OFF            ; IGNORE_CARRY           ;
; AUTO_CASCADE_CHAINS    ; ON             ; AUTO_CASCADE           ;
; IGNORE_CASCADE_BUFFERS ; OFF            ; IGNORE_CASCADE         ;
+------------------------+----------------+------------------------+
Note: In order to hide this table in the UI and the text report file, please set the "Show Parameter Settings in Synthesis Report" option in "Analysis and Synthesis Settings -> More Settings" to "Off".


+--------------------------------------------------------------------------+
; altpll Parameter Settings by Entity Instance                             ;
+-------------------------------+------------------------------------------+
; Name                          ; Value                                    ;
+-------------------------------+------------------------------------------+
; Number of entity instances    ; 1                                        ;
; Entity Instance               ; VGA_Audio_PLL:p1|altpll:altpll_component ;
;     -- OPERATION_MODE         ; NORMAL                                   ;
;     -- PLL_TYPE               ; AUTO                                     ;
;     -- PRIMARY_CLOCK          ; INCLK0                                   ;
;     -- INCLK0_INPUT_FREQUENCY ; 37037                                    ;
;     -- INCLK1_INPUT_FREQUENCY ; 0                                        ;
;     -- VCO_MULTIPLY_BY        ; 0                                        ;
;     -- VCO_DIVIDE_BY          ; 0                                        ;
+-------------------------------+------------------------------------------+


+----------------------------------------------------------------------------------------------------------------+
; Port Connectivity Checks: "VGA_Audio_PLL:p1"                                                                   ;
+------+--------+----------+-------------------------------------------------------------------------------------+
; Port ; Type   ; Severity ; Details                                                                             ;
+------+--------+----------+-------------------------------------------------------------------------------------+
; c1   ; Output ; Info     ; Connected to dangling logic. Logic that only feeds a dangling port will be removed. ;
+------+--------+----------+-------------------------------------------------------------------------------------+


+-------------------------------+
; Elapsed Time Per Partition    ;
+----------------+--------------+
; Partition Name ; Elapsed Time ;
+----------------+--------------+
; Top            ; 00:00:03     ;
+----------------+--------------+


+-------------------------------+
; Analysis & Synthesis Messages ;
+-------------------------------+
Info: *******************************************************************
Info: Running Quartus II 32-bit Analysis & Synthesis
    Info: Version 11.1 Build 259 01/25/2012 Service Pack 2 SJ Web Edition
    Info: Processing started: Thu Nov 13 11:10:43 2014
Info: Command: quartus_map --read_settings_files=on --write_settings_files=off vgalab1 -c vgalab1
Warning (20028): Parallel compilation is not licensed and has been disabled
Info (12021): Found 1 design units, including 1 entities, in source file vga_sync.v
    Info (12023): Found entity 1: vga_sync
Info (12021): Found 1 design units, including 1 entities, in source file vga_audio_pll.v
    Info (12023): Found entity 1: VGA_Audio_PLL
Info (12021): Found 1 design units, including 1 entities, in source file vgalab1.v
    Info (12023): Found entity 1: vgalab1
Info (12021): Found 1 design units, including 1 entities, in source file reset_delay.v
    Info (12023): Found entity 1: Reset_Delay
Info (12021): Found 1 design units, including 1 entities, in source file maze.v
    Info (12023): Found entity 1: maze
Info (12127): Elaborating entity "vgalab1" for the top level hierarchy
Warning (10036): Verilog HDL or VHDL warning at vgalab1.v(36): object "RST" assigned a value but never read
Warning (10230): Verilog HDL assignment warning at vgalab1.v(83): truncated value with size 32 to match size of target (10)
Info (12128): Elaborating entity "Reset_Delay" for hierarchy "Reset_Delay:r0"
Info (12128): Elaborating entity "VGA_Audio_PLL" for hierarchy "VGA_Audio_PLL:p1"
Info (12128): Elaborating entity "altpll" for hierarchy "VGA_Audio_PLL:p1|altpll:altpll_component"
Info (12130): Elaborated megafunction instantiation "VGA_Audio_PLL:p1|altpll:altpll_component"
Info (12133): Instantiated megafunction "VGA_Audio_PLL:p1|altpll:altpll_component" with the following parameter:
    Info (12134): Parameter "clk0_divide_by" = "15"
    Info (12134): Parameter "clk0_duty_cycle" = "50"
    Info (12134): Parameter "clk0_multiply_by" = "14"
    Info (12134): Parameter "clk0_phase_shift" = "0"
    Info (12134): Parameter "clk1_divide_by" = "3"
    Info (12134): Parameter "clk1_duty_cycle" = "50"
    Info (12134): Parameter "clk1_multiply_by" = "2"
    Info (12134): Parameter "clk1_phase_shift" = "0"
    Info (12134): Parameter "clk2_divide_by" = "15"
    Info (12134): Parameter "clk2_duty_cycle" = "50"
    Info (12134): Parameter "clk2_multiply_by" = "14"
    Info (12134): Parameter "clk2_phase_shift" = "-9921"
    Info (12134): Parameter "compensate_clock" = "CLK0"
    Info (12134): Parameter "inclk0_input_frequency" = "37037"
    Info (12134): Parameter "intended_device_family" = "Cyclone II"
    Info (12134): Parameter "lpm_type" = "altpll"
    Info (12134): Parameter "operation_mode" = "NORMAL"
    Info (12134): Parameter "port_activeclock" = "PORT_UNUSED"
    Info (12134): Parameter "port_areset" = "PORT_USED"
    Info (12134): Parameter "port_clkbad0" = "PORT_UNUSED"
    Info (12134): Parameter "port_clkbad1" = "PORT_UNUSED"
    Info (12134): Parameter "port_clkloss" = "PORT_UNUSED"
    Info (12134): Parameter "port_clkswitch" = "PORT_UNUSED"
    Info (12134): Parameter "port_configupdate" = "PORT_UNUSED"
    Info (12134): Parameter "port_fbin" = "PORT_UNUSED"
    Info (12134): Parameter "port_inclk0" = "PORT_USED"
    Info (12134): Parameter "port_inclk1" = "PORT_UNUSED"
    Info (12134): Parameter "port_locked" = "PORT_UNUSED"
    Info (12134): Parameter "port_pfdena" = "PORT_UNUSED"
    Info (12134): Parameter "port_phasecounterselect" = "PORT_UNUSED"
    Info (12134): Parameter "port_phasedone" = "PORT_UNUSED"
    Info (12134): Parameter "port_phasestep" = "PORT_UNUSED"
    Info (12134): Parameter "port_phaseupdown" = "PORT_UNUSED"
    Info (12134): Parameter "port_pllena" = "PORT_UNUSED"
    Info (12134): Parameter "port_scanaclr" = "PORT_UNUSED"
    Info (12134): Parameter "port_scanclk" = "PORT_UNUSED"
    Info (12134): Parameter "port_scanclkena" = "PORT_UNUSED"
    Info (12134): Parameter "port_scandata" = "PORT_UNUSED"
    Info (12134): Parameter "port_scandataout" = "PORT_UNUSED"
    Info (12134): Parameter "port_scandone" = "PORT_UNUSED"
    Info (12134): Parameter "port_scanread" = "PORT_UNUSED"
    Info (12134): Parameter "port_scanwrite" = "PORT_UNUSED"
    Info (12134): Parameter "port_clk0" = "PORT_USED"
    Info (12134): Parameter "port_clk1" = "PORT_USED"
    Info (12134): Parameter "port_clk2" = "PORT_USED"
    Info (12134): Parameter "port_clk3" = "PORT_UNUSED"
    Info (12134): Parameter "port_clk4" = "PORT_UNUSED"
    Info (12134): Parameter "port_clk5" = "PORT_UNUSED"
    Info (12134): Parameter "port_clkena0" = "PORT_UNUSED"
    Info (12134): Parameter "port_clkena1" = "PORT_UNUSED"
    Info (12134): Parameter "port_clkena2" = "PORT_UNUSED"
    Info (12134): Parameter "port_clkena3" = "PORT_UNUSED"
    Info (12134): Parameter "port_clkena4" = "PORT_UNUSED"
    Info (12134): Parameter "port_clkena5" = "PORT_UNUSED"
    Info (12134): Parameter "port_extclk0" = "PORT_UNUSED"
    Info (12134): Parameter "port_extclk1" = "PORT_UNUSED"
    Info (12134): Parameter "port_extclk2" = "PORT_UNUSED"
    Info (12134): Parameter "port_extclk3" = "PORT_UNUSED"
Info (12128): Elaborating entity "maze" for hierarchy "maze:c1"
Warning (10036): Verilog HDL or VHDL warning at maze.v(4): object "slowclk" assigned a value but never read
Warning (10230): Verilog HDL assignment warning at maze.v(28): truncated value with size 32 to match size of target (10)
Warning (10230): Verilog HDL assignment warning at maze.v(29): truncated value with size 32 to match size of target (10)
Warning (10230): Verilog HDL assignment warning at maze.v(33): truncated value with size 32 to match size of target (10)
Warning (10230): Verilog HDL assignment warning at maze.v(34): truncated value with size 32 to match size of target (10)
Warning (10230): Verilog HDL assignment warning at maze.v(38): truncated value with size 32 to match size of target (10)
Warning (10230): Verilog HDL assignment warning at maze.v(39): truncated value with size 32 to match size of target (10)
Warning (10240): Verilog HDL Always Construct warning at maze.v(24): inferring latch(es) for variable "squarey1", which holds its previous value in one or more paths through the always construct
Warning (10240): Verilog HDL Always Construct warning at maze.v(24): inferring latch(es) for variable "squarey2", which holds its previous value in one or more paths through the always construct
Warning (10240): Verilog HDL Always Construct warning at maze.v(24): inferring latch(es) for variable "squarex1", which holds its previous value in one or more paths through the always construct
Warning (10240): Verilog HDL Always Construct warning at maze.v(24): inferring latch(es) for variable "squarex2", which holds its previous value in one or more paths through the always construct
Warning (10235): Verilog HDL Always Construct warning at maze.v(46): variable "squarex1" is read inside the Always Construct but isn't in the Always Construct's Event Control
Warning (10235): Verilog HDL Always Construct warning at maze.v(46): variable "squarex2" is read inside the Always Construct but isn't in the Always Construct's Event Control
Warning (10235): Verilog HDL Always Construct warning at maze.v(46): variable "squarey2" is read inside the Always Construct but isn't in the Always Construct's Event Control
Warning (10235): Verilog HDL Always Construct warning at maze.v(46): variable "squarey1" is read inside the Always Construct but isn't in the Always Construct's Event Control
Info (10041): Inferred latch for "squarey2[0]" at maze.v(36)
Info (10041): Inferred latch for "squarey2[1]" at maze.v(36)
Info (10041): Inferred latch for "squarey2[2]" at maze.v(36)
Info (10041): Inferred latch for "squarey2[3]" at maze.v(36)
Info (10041): Inferred latch for "squarey2[4]" at maze.v(36)
Info (10041): Inferred latch for "squarey2[5]" at maze.v(36)
Info (10041): Inferred latch for "squarey2[6]" at maze.v(36)
Info (10041): Inferred latch for "squarey2[7]" at maze.v(36)
Info (10041): Inferred latch for "squarey2[8]" at maze.v(36)
Info (10041): Inferred latch for "squarey2[9]" at maze.v(36)
Info (10041): Inferred latch for "squarey1[1]" at maze.v(36)
Info (10041): Inferred latch for "squarey1[2]" at maze.v(36)
Info (10041): Inferred latch for "squarey1[3]" at maze.v(36)
Info (10041): Inferred latch for "squarey1[4]" at maze.v(36)
Info (10041): Inferred latch for "squarey1[5]" at maze.v(36)
Info (10041): Inferred latch for "squarey1[6]" at maze.v(36)
Info (10041): Inferred latch for "squarey1[7]" at maze.v(36)
Info (10041): Inferred latch for "squarey1[8]" at maze.v(36)
Info (10041): Inferred latch for "squarey1[9]" at maze.v(36)
Info (10041): Inferred latch for "squarex2[1]" at maze.v(31)
Info (10041): Inferred latch for "squarex2[2]" at maze.v(31)
Info (10041): Inferred latch for "squarex2[3]" at maze.v(31)
Info (10041): Inferred latch for "squarex2[4]" at maze.v(31)
Info (10041): Inferred latch for "squarex2[5]" at maze.v(31)
Info (10041): Inferred latch for "squarex2[6]" at maze.v(31)
Info (10041): Inferred latch for "squarex2[7]" at maze.v(31)
Info (10041): Inferred latch for "squarex2[8]" at maze.v(31)
Info (10041): Inferred latch for "squarex2[9]" at maze.v(31)
Info (10041): Inferred latch for "squarex1[1]" at maze.v(31)
Info (10041): Inferred latch for "squarex1[2]" at maze.v(31)
Info (10041): Inferred latch for "squarex1[3]" at maze.v(31)
Info (10041): Inferred latch for "squarex1[4]" at maze.v(31)
Info (10041): Inferred latch for "squarex1[5]" at maze.v(31)
Info (10041): Inferred latch for "squarex1[6]" at maze.v(31)
Info (10041): Inferred latch for "squarex1[7]" at maze.v(31)
Info (10041): Inferred latch for "squarex1[8]" at maze.v(31)
Info (10041): Inferred latch for "squarex1[9]" at maze.v(31)
Info (12128): Elaborating entity "vga_sync" for hierarchy "vga_sync:u1"
Info (278001): Inferred 2 megafunctions from design logic
    Info (278004): Inferred divider/modulo megafunction ("lpm_divide") from the following logic: "Div1"
    Info (278004): Inferred divider/modulo megafunction ("lpm_divide") from the following logic: "Div0"
Info (12130): Elaborated megafunction instantiation "lpm_divide:Div1"
Info (12133): Instantiated megafunction "lpm_divide:Div1" with the following parameter:
    Info (12134): Parameter "LPM_WIDTHN" = "32"
    Info (12134): Parameter "LPM_WIDTHD" = "4"
    Info (12134): Parameter "LPM_NREPRESENTATION" = "UNSIGNED"
    Info (12134): Parameter "LPM_DREPRESENTATION" = "UNSIGNED"
Info (12021): Found 1 design units, including 1 entities, in source file db/lpm_divide_eem.tdf
    Info (12023): Found entity 1: lpm_divide_eem
Info (12021): Found 1 design units, including 1 entities, in source file db/sign_div_unsign_olh.tdf
    Info (12023): Found entity 1: sign_div_unsign_olh
Info (12021): Found 1 design units, including 1 entities, in source file db/alt_u_div_i2f.tdf
    Info (12023): Found entity 1: alt_u_div_i2f
Info (12021): Found 1 design units, including 1 entities, in source file db/add_sub_lkc.tdf
    Info (12023): Found entity 1: add_sub_lkc
Info (12021): Found 1 design units, including 1 entities, in source file db/add_sub_mkc.tdf
    Info (12023): Found entity 1: add_sub_mkc
Info (12130): Elaborated megafunction instantiation "lpm_divide:Div0"
Info (12133): Instantiated megafunction "lpm_divide:Div0" with the following parameter:
    Info (12134): Parameter "LPM_WIDTHN" = "10"
    Info (12134): Parameter "LPM_WIDTHD" = "4"
    Info (12134): Parameter "LPM_NREPRESENTATION" = "UNSIGNED"
    Info (12134): Parameter "LPM_DREPRESENTATION" = "UNSIGNED"
Info (12021): Found 1 design units, including 1 entities, in source file db/lpm_divide_aem.tdf
    Info (12023): Found entity 1: lpm_divide_aem
Info (12021): Found 1 design units, including 1 entities, in source file db/sign_div_unsign_klh.tdf
    Info (12023): Found entity 1: sign_div_unsign_klh
Info (12021): Found 1 design units, including 1 entities, in source file db/alt_u_div_a2f.tdf
    Info (12023): Found entity 1: alt_u_div_a2f
Warning (13012): Latch maze:c1|squarey2[2] has unsafe behavior
    Warning (13013): Ports D and ENA on the latch are fed by the same signal KEY[1]
Warning (13012): Latch maze:c1|squarey2[1] has unsafe behavior
    Warning (13013): Ports D and ENA on the latch are fed by the same signal KEY[1]
Warning (13012): Latch maze:c1|squarey1[9] has unsafe behavior
    Warning (13013): Ports D and ENA on the latch are fed by the same signal KEY[2]
Warning (13012): Latch maze:c1|squarey1[8] has unsafe behavior
    Warning (13013): Ports D and ENA on the latch are fed by the same signal KEY[2]
Warning (13012): Latch maze:c1|squarey1[7] has unsafe behavior
    Warning (13013): Ports D and ENA on the latch are fed by the same signal KEY[2]
Warning (13012): Latch maze:c1|squarey1[6] has unsafe behavior
    Warning (13013): Ports D and ENA on the latch are fed by the same signal KEY[2]
Warning (13012): Latch maze:c1|squarey1[5] has unsafe behavior
    Warning (13013): Ports D and ENA on the latch are fed by the same signal KEY[2]
Warning (13012): Latch maze:c1|squarey1[4] has unsafe behavior
    Warning (13013): Ports D and ENA on the latch are fed by the same signal KEY[2]
Warning (13012): Latch maze:c1|squarey1[3] has unsafe behavior
    Warning (13013): Ports D and ENA on the latch are fed by the same signal KEY[2]
Warning (13012): Latch maze:c1|squarey1[2] has unsafe behavior
    Warning (13013): Ports D and ENA on the latch are fed by the same signal KEY[2]
Warning (13012): Latch maze:c1|squarey1[1] has unsafe behavior
    Warning (13013): Ports D and ENA on the latch are fed by the same signal KEY[2]
Warning (13024): Output pins are stuck at VCC or GND
    Warning (13410): Pin "HEX0[0]" is stuck at VCC
    Warning (13410): Pin "HEX0[1]" is stuck at VCC
    Warning (13410): Pin "HEX0[2]" is stuck at VCC
    Warning (13410): Pin "HEX0[3]" is stuck at VCC
    Warning (13410): Pin "HEX0[4]" is stuck at VCC
    Warning (13410): Pin "HEX0[5]" is stuck at VCC
    Warning (13410): Pin "HEX0[6]" is stuck at VCC
    Warning (13410): Pin "HEX1[0]" is stuck at VCC
    Warning (13410): Pin "HEX1[1]" is stuck at VCC
    Warning (13410): Pin "HEX1[2]" is stuck at VCC
    Warning (13410): Pin "HEX1[3]" is stuck at VCC
    Warning (13410): Pin "HEX1[4]" is stuck at VCC
    Warning (13410): Pin "HEX1[5]" is stuck at VCC
    Warning (13410): Pin "HEX1[6]" is stuck at VCC
    Warning (13410): Pin "HEX2[0]" is stuck at VCC
    Warning (13410): Pin "HEX2[1]" is stuck at VCC
    Warning (13410): Pin "HEX2[2]" is stuck at VCC
    Warning (13410): Pin "HEX2[3]" is stuck at VCC
    Warning (13410): Pin "HEX2[4]" is stuck at VCC
    Warning (13410): Pin "HEX2[5]" is stuck at VCC
    Warning (13410): Pin "HEX2[6]" is stuck at VCC
    Warning (13410): Pin "HEX3[0]" is stuck at VCC
    Warning (13410): Pin "HEX3[1]" is stuck at VCC
    Warning (13410): Pin "HEX3[2]" is stuck at VCC
    Warning (13410): Pin "HEX3[3]" is stuck at VCC
    Warning (13410): Pin "HEX3[4]" is stuck at VCC
    Warning (13410): Pin "HEX3[5]" is stuck at VCC
    Warning (13410): Pin "HEX3[6]" is stuck at VCC
    Warning (13410): Pin "HEX4[0]" is stuck at VCC
    Warning (13410): Pin "HEX4[1]" is stuck at VCC
    Warning (13410): Pin "HEX4[2]" is stuck at VCC
    Warning (13410): Pin "HEX4[3]" is stuck at VCC
    Warning (13410): Pin "HEX4[4]" is stuck at VCC
    Warning (13410): Pin "HEX4[5]" is stuck at VCC
    Warning (13410): Pin "HEX4[6]" is stuck at VCC
    Warning (13410): Pin "HEX5[0]" is stuck at VCC
    Warning (13410): Pin "HEX5[1]" is stuck at VCC
    Warning (13410): Pin "HEX5[2]" is stuck at VCC
    Warning (13410): Pin "HEX5[3]" is stuck at VCC
    Warning (13410): Pin "HEX5[4]" is stuck at VCC
    Warning (13410): Pin "HEX5[5]" is stuck at VCC
    Warning (13410): Pin "HEX5[6]" is stuck at VCC
    Warning (13410): Pin "HEX6[0]" is stuck at VCC
    Warning (13410): Pin "HEX6[1]" is stuck at VCC
    Warning (13410): Pin "HEX6[2]" is stuck at VCC
    Warning (13410): Pin "HEX6[3]" is stuck at VCC
    Warning (13410): Pin "HEX6[4]" is stuck at VCC
    Warning (13410): Pin "HEX6[5]" is stuck at VCC
    Warning (13410): Pin "HEX6[6]" is stuck at VCC
    Warning (13410): Pin "HEX7[0]" is stuck at VCC
    Warning (13410): Pin "HEX7[1]" is stuck at VCC
    Warning (13410): Pin "HEX7[2]" is stuck at VCC
    Warning (13410): Pin "HEX7[3]" is stuck at VCC
    Warning (13410): Pin "HEX7[4]" is stuck at VCC
    Warning (13410): Pin "HEX7[5]" is stuck at VCC
    Warning (13410): Pin "HEX7[6]" is stuck at VCC
    Warning (13410): Pin "LEDG[0]" is stuck at GND
    Warning (13410): Pin "LEDG[1]" is stuck at GND
    Warning (13410): Pin "LEDG[2]" is stuck at GND
    Warning (13410): Pin "LEDG[3]" is stuck at GND
    Warning (13410): Pin "LEDG[4]" is stuck at GND
    Warning (13410): Pin "LEDG[5]" is stuck at GND
    Warning (13410): Pin "LEDG[6]" is stuck at GND
    Warning (13410): Pin "LEDG[7]" is stuck at GND
    Warning (13410): Pin "LEDG[8]" is stuck at GND
    Warning (13410): Pin "TD_RESET" is stuck at VCC
    Warning (13410): Pin "VGA_SYNC" is stuck at GND
Info (144001): Generated suppressed messages file C:/Users/tamara/Desktop/258_proj/vgalab1.map.smsg
Info (16010): Generating hard_block partition "hard_block:auto_generated_inst"
    Info (16011): Adding node "VGA_Audio_PLL:p1|altpll:altpll_component|pll"
Info (21057): Implemented 730 device resources after synthesis - the final resource count might be different
    Info (21058): Implemented 24 input pins
    Info (21059): Implemented 119 output pins
    Info (21060): Implemented 72 bidirectional pins
    Info (21061): Implemented 514 logic cells
    Info (21065): Implemented 1 PLLs
Info: Quartus II 32-bit Analysis & Synthesis was successful. 0 errors, 108 warnings
    Info: Peak virtual memory: 305 megabytes
    Info: Processing ended: Thu Nov 13 11:10:50 2014
    Info: Elapsed time: 00:00:07
    Info: Total CPU time (on all processors): 00:00:03


+------------------------------------------+
; Analysis & Synthesis Suppressed Messages ;
+------------------------------------------+
The suppressed messages can be found in C:/Users/tamara/Desktop/258_proj/vgalab1.map.smsg.


